<?xml version="1.0" encoding="UTF-8"?>
<robot generator="Robot 7.1.1 (Python 3.10.5 on win32)" generated="2025-06-22T23:29:46.081784" rpa="false" schemaversion="5">
<suite id="s1" name="ProjetoCollector" source="C:\Users\Diogo\Documents\GitHub\ProjetoCollector">
<suite id="s1-s1" name="Robot Populate" source="C:\Users\Diogo\Documents\GitHub\ProjetoCollector\robot_populate">
<suite id="s1-s1-s1" name="Insert Data" source="C:\Users\Diogo\Documents\GitHub\ProjetoCollector\robot_populate\insert_data.robot">
<test id="s1-s1-s1-t1" name="Insert Items BD" line="36">
<kw name="Set Selenium Timeout" owner="SeleniumLibrary">
<arg>20 seconds</arg>
<doc>Sets the timeout that is used by various keywords.</doc>
<status status="PASS" start="2025-06-22T23:29:46.409472" elapsed="0.000000"/>
</kw>
<kw name="Open website collector">
<kw name="Open Browser" owner="SeleniumLibrary">
<msg time="2025-06-22T23:29:46.425094" level="INFO">Opening browser 'chrome' to base url 'http://localhost:3000'.</msg>
<arg>${LOCALHOST_URL}</arg>
<arg>${BROWSER}</arg>
<doc>Opens a new browser instance to the optional ``url``.</doc>
<status status="PASS" start="2025-06-22T23:29:46.409472" elapsed="1.925034"/>
</kw>
<kw name="Click Element" owner="SeleniumLibrary">
<msg time="2025-06-22T23:29:48.334506" level="INFO">Clicking element 'loginBtn'.</msg>
<arg>loginBtn</arg>
<doc>Click the element identified by ``locator``.</doc>
<status status="PASS" start="2025-06-22T23:29:48.334506" elapsed="0.212567"/>
</kw>
<kw name="Wait Until Element Is Visible" owner="SeleniumLibrary">
<arg>username</arg>
<doc>Waits until the element ``locator`` is visible.</doc>
<status status="PASS" start="2025-06-22T23:29:48.547506" elapsed="0.199372"/>
</kw>
<kw name="Input Text" owner="SeleniumLibrary">
<msg time="2025-06-22T23:29:48.747874" level="INFO">Typing text 'ze' into text field 'username'.</msg>
<arg>username</arg>
<arg>ze</arg>
<doc>Types the given ``text`` into the text field identified by ``locator``.</doc>
<status status="PASS" start="2025-06-22T23:29:48.747874" elapsed="0.111512"/>
</kw>
<kw name="Input Password" owner="SeleniumLibrary">
<msg time="2025-06-22T23:29:48.860969" level="INFO">Typing password into text field 'password'.</msg>
<msg time="2025-06-22T23:29:48.906873" level="INFO">Temporally setting log level to: NONE</msg>
<arg>password</arg>
<arg>Password.123456</arg>
<doc>Types the given password into the text field identified by ``locator``.</doc>
<status status="PASS" start="2025-06-22T23:29:48.860383" elapsed="0.121882"/>
</kw>
<kw name="Click Button" owner="SeleniumLibrary">
<msg time="2025-06-22T23:29:48.995053" level="INFO">Clicking button '//form/button'.</msg>
<arg>//form/button</arg>
<doc>Clicks the button identified by ``locator``.</doc>
<status status="PASS" start="2025-06-22T23:29:48.982265" elapsed="0.104207"/>
</kw>
<status status="PASS" start="2025-06-22T23:29:46.409472" elapsed="2.677000"/>
</kw>
<for flavor="IN RANGE">
<iter>
<kw name="Change Tab">
<kw name="Wait Until Element Is Visible" owner="SeleniumLibrary">
<arg>${CHANGE_TAB}</arg>
<doc>Waits until the element ``locator`` is visible.</doc>
<status status="PASS" start="2025-06-22T23:29:49.086472" elapsed="0.246988"/>
</kw>
<kw name="Click Element" owner="SeleniumLibrary">
<msg time="2025-06-22T23:29:49.333460" level="INFO">Clicking element 'addItemTab'.</msg>
<arg>${CHANGE_TAB}</arg>
<doc>Click the element identified by ``locator``.</doc>
<status status="PASS" start="2025-06-22T23:29:49.333460" elapsed="0.252107"/>
</kw>
<arg>${ADD_ITEM_TAB}</arg>
<status status="PASS" start="2025-06-22T23:29:49.086472" elapsed="0.501085"/>
</kw>
<kw name="Insert Data">
<kw name="Wait Until Element Is Visible" owner="SeleniumLibrary">
<arg>name</arg>
<arg>timeout=120</arg>
<doc>Waits until the element ``locator`` is visible.</doc>
<status status="PASS" start="2025-06-22T23:29:49.589790" elapsed="0.053055"/>
</kw>
<kw name="Evaluate" owner="BuiltIn">
<msg time="2025-06-22T23:29:49.642845" level="INFO">${random_index} = 3</msg>
<var>${random_index}</var>
<arg>random.randint(0, len(${WORDS}) - 1)</arg>
<arg>modules=random</arg>
<doc>Evaluates the given expression in Python and returns the result.</doc>
<status status="PASS" start="2025-06-22T23:29:49.642845" elapsed="0.007931"/>
</kw>
<kw name="Get From List" owner="Collections">
<msg time="2025-06-22T23:29:49.653093" level="INFO">${name} = Sapato</msg>
<var>${name}</var>
<arg>${WORDS}</arg>
<arg>${random_index}</arg>
<doc>Returns the value specified with an ``index`` from ``list``.</doc>
<status status="PASS" start="2025-06-22T23:29:49.653093" elapsed="0.000000"/>
</kw>
<kw name="Input Text" owner="SeleniumLibrary">
<msg time="2025-06-22T23:29:49.653093" level="INFO">Typing text 'Sapato' into text field 'id=name'.</msg>
<arg>id=name</arg>
<arg>${name}</arg>
<doc>Types the given ``text`` into the text field identified by ``locator``.</doc>
<status status="PASS" start="2025-06-22T23:29:49.653093" elapsed="0.099479"/>
</kw>
<kw name="Evaluate" owner="BuiltIn">
<msg time="2025-06-22T23:29:49.752572" level="INFO">${random_index} = 0</msg>
<var>${random_index}</var>
<arg>random.randint(0, len(${DESCRIPTIONS}) - 1)</arg>
<arg>modules=random</arg>
<doc>Evaluates the given expression in Python and returns the result.</doc>
<status status="PASS" start="2025-06-22T23:29:49.752572" elapsed="0.000000"/>
</kw>
<kw name="Get From List" owner="Collections">
<msg time="2025-06-22T23:29:49.752572" level="INFO">${description} = Em bom estado com poucas marcas de uso</msg>
<var>${description}</var>
<arg>${DESCRIPTIONS}</arg>
<arg>${random_index}</arg>
<doc>Returns the value specified with an ``index`` from ``list``.</doc>
<status status="PASS" start="2025-06-22T23:29:49.752572" elapsed="0.000000"/>
</kw>
<kw name="Input Text" owner="SeleniumLibrary">
<msg time="2025-06-22T23:29:49.752572" level="INFO">Typing text 'Em bom estado com poucas marcas de uso' into text field 'id=description'.</msg>
<arg>id=description</arg>
<arg>${description}</arg>
<doc>Types the given ``text`` into the text field identified by ``locator``.</doc>
<status status="PASS" start="2025-06-22T23:29:49.752572" elapsed="0.176214"/>
</kw>
<kw name="Evaluate" owner="BuiltIn">
<msg time="2025-06-22T23:29:49.928786" level="INFO">${random_date} = 02-03-1831</msg>
<var>${random_date}</var>
<arg>(__import__('datetime').date(random.randint(1800, 2024), random.randint(1, 12), random.randint(1, 28))).strftime('%d-%m-%Y')</arg>
<arg>modules=random</arg>
<doc>Evaluates the given expression in Python and returns the result.</doc>
<status status="PASS" start="2025-06-22T23:29:49.928786" elapsed="0.000000"/>
</kw>
<kw name="Input Text" owner="SeleniumLibrary">
<msg time="2025-06-22T23:29:49.928786" level="INFO">Typing text '02-03-1831' into text field 'id=acquisition_date'.</msg>
<arg>id=acquisition_date</arg>
<arg>${random_date}</arg>
<doc>Types the given ``text`` into the text field identified by ``locator``.</doc>
<status status="PASS" start="2025-06-22T23:29:49.928786" elapsed="0.074143"/>
</kw>
<kw name="Evaluate" owner="BuiltIn">
<msg time="2025-06-22T23:29:50.002929" level="INFO">${random_index} = 0</msg>
<var>${random_index}</var>
<arg>random.randint(0, len(${VALUES}) - 1)</arg>
<arg>modules=random</arg>
<doc>Evaluates the given expression in Python and returns the result.</doc>
<status status="PASS" start="2025-06-22T23:29:50.002929" elapsed="0.000000"/>
</kw>
<kw name="Get From List" owner="Collections">
<msg time="2025-06-22T23:29:50.002929" level="INFO">${cost} = 100</msg>
<var>${cost}</var>
<arg>${VALUES}</arg>
<arg>${random_index}</arg>
<doc>Returns the value specified with an ``index`` from ``list``.</doc>
<status status="PASS" start="2025-06-22T23:29:50.002929" elapsed="0.000000"/>
</kw>
<kw name="Input Text" owner="SeleniumLibrary">
<msg time="2025-06-22T23:29:50.002929" level="INFO">Typing text '100' into text field 'id=cost'.</msg>
<arg>id=cost</arg>
<arg>${cost}</arg>
<doc>Types the given ``text`` into the text field identified by ``locator``.</doc>
<status status="PASS" start="2025-06-22T23:29:50.002929" elapsed="0.091748"/>
</kw>
<kw name="Evaluate" owner="BuiltIn">
<msg time="2025-06-22T23:29:50.096672" level="INFO">${random_index} = 1</msg>
<var>${random_index}</var>
<arg>random.randint(0, len(${ORIGINS}) - 1)</arg>
<arg>modules=random</arg>
<doc>Evaluates the given expression in Python and returns the result.</doc>
<status status="PASS" start="2025-06-22T23:29:50.095676" elapsed="0.000996"/>
</kw>
<kw name="Get From List" owner="Collections">
<msg time="2025-06-22T23:29:50.097670" level="INFO">${origin} = Feira Fundão</msg>
<var>${origin}</var>
<arg>${ORIGINS}</arg>
<arg>${random_index}</arg>
<doc>Returns the value specified with an ``index`` from ``list``.</doc>
<status status="PASS" start="2025-06-22T23:29:50.097670" elapsed="0.000997"/>
</kw>
<kw name="Input Text" owner="SeleniumLibrary">
<msg time="2025-06-22T23:29:50.101068" level="INFO">Typing text 'Feira Fundão' into text field 'id=origin'.</msg>
<arg>id=origin</arg>
<arg>${origin}</arg>
<doc>Types the given ``text`` into the text field identified by ``locator``.</doc>
<status status="PASS" start="2025-06-22T23:29:50.099313" elapsed="0.089764"/>
</kw>
<kw name="Evaluate" owner="BuiltIn">
<msg time="2025-06-22T23:29:50.189077" level="INFO">${upload_docs} = True</msg>
<var>${upload_docs}</var>
<arg>random.random() &gt; 0.15</arg>
<arg>modules=random</arg>
<doc>Evaluates the given expression in Python and returns the result.</doc>
<status status="PASS" start="2025-06-22T23:29:50.189077" elapsed="0.000000"/>
</kw>
<kw name="Run Keyword If" owner="BuiltIn">
<kw name="Upload Random Documents">
<kw name="List Files In Directory" owner="OperatingSystem">
<msg time="2025-06-22T23:29:50.189077" level="INFO" html="true">Listing contents of directory '&lt;a href="file://C:\Users\Diogo\Documents\GitHub\ProjetoCollector\robot_populate\test_files\documents"&gt;C:\Users\Diogo\Documents\GitHub\ProjetoCollector\robot_populate\test_files\documents&lt;/a&gt;'.</msg>
<msg time="2025-06-22T23:29:50.200014" level="INFO">16 files:
Antique_Chair_Carved_Walnut.docx
CollectorsNote_SilverSpoon1888.txt
Comprovativo de compra.pdf
CurioShelf_Inventory_04.csv
EstateFind_Glassware_Set02.doc
FrenchClock_Bronze_1890.pdf
Heirloom_Jewelry_Catalog_01.pdf
Manual_instruções_mesa.pdf
Mesa grande.txt
Relatorio_de_fabrico.docx
RetroRadio_German1950.mp3
Vintage_TeaSet_England1922.xlsx
excel.xls
pdf.pdf
texto.txt
word.docx</msg>
<msg time="2025-06-22T23:29:50.201009" level="INFO">${doc_files} = ['Antique_Chair_Carved_Walnut.docx', 'CollectorsNote_SilverSpoon1888.txt', 'Comprovativo de compra.pdf', 'CurioShelf_Inventory_04.csv', 'EstateFind_Glassware_Set02.doc', 'FrenchClock_Bronze_1890.pdf',...</msg>
<var>${doc_files}</var>
<arg>${DOC_DIR}</arg>
<doc>Wrapper for `List Directory` that returns only files.</doc>
<status status="PASS" start="2025-06-22T23:29:50.189077" elapsed="0.013693"/>
</kw>
<kw name="Evaluate" owner="BuiltIn">
<msg time="2025-06-22T23:29:50.204364" level="INFO">${num_files} = 3</msg>
<var>${num_files}</var>
<arg>random.randint(1, 3)</arg>
<arg>modules=random</arg>
<doc>Evaluates the given expression in Python and returns the result.</doc>
<status status="PASS" start="2025-06-22T23:29:50.203769" elapsed="0.000595"/>
</kw>
<kw name="Create List" owner="BuiltIn">
<msg time="2025-06-22T23:29:50.204364" level="INFO">${selected_docs} = []</msg>
<var>${selected_docs}</var>
<doc>Returns a list containing given items.</doc>
<status status="PASS" start="2025-06-22T23:29:50.204364" elapsed="0.000000"/>
</kw>
<for flavor="IN RANGE">
<iter>
<kw name="Evaluate" owner="BuiltIn">
<msg time="2025-06-22T23:29:50.204364" level="INFO">${i} = 1</msg>
<var>${i}</var>
<arg>random.randint(0, len(${doc_files}) - 1)</arg>
<arg>modules=random</arg>
<doc>Evaluates the given expression in Python and returns the result.</doc>
<status status="PASS" start="2025-06-22T23:29:50.204364" elapsed="0.000000"/>
</kw>
<kw name="Get From List" owner="Collections">
<msg time="2025-06-22T23:29:50.204364" level="INFO">${doc_file} = CollectorsNote_SilverSpoon1888.txt</msg>
<var>${doc_file}</var>
<arg>${doc_files}</arg>
<arg>${i}</arg>
<doc>Returns the value specified with an ``index`` from ``list``.</doc>
<status status="PASS" start="2025-06-22T23:29:50.204364" elapsed="0.000000"/>
</kw>
<kw name="Join Path" owner="OperatingSystem">
<msg time="2025-06-22T23:29:50.204364" level="INFO">${doc_path} = C:\Users\Diogo\Documents\GitHub\ProjetoCollector\robot_populate\test_files\documents\CollectorsNote_SilverSpoon1888.txt</msg>
<var>${doc_path}</var>
<arg>${DOC_DIR}</arg>
<arg>${doc_file}</arg>
<doc>Joins the given path part(s) to the given base path.</doc>
<status status="PASS" start="2025-06-22T23:29:50.204364" elapsed="0.000000"/>
</kw>
<kw name="Append To List" owner="Collections">
<arg>${selected_docs}</arg>
<arg>${doc_path}</arg>
<doc>Adds ``values`` to the end of ``list``.</doc>
<status status="PASS" start="2025-06-22T23:29:50.216711" elapsed="0.000997"/>
</kw>
<var name="${index}">0</var>
<status status="PASS" start="2025-06-22T23:29:50.204364" elapsed="0.014348"/>
</iter>
<iter>
<kw name="Evaluate" owner="BuiltIn">
<msg time="2025-06-22T23:29:50.220703" level="INFO">${i} = 15</msg>
<var>${i}</var>
<arg>random.randint(0, len(${doc_files}) - 1)</arg>
<arg>modules=random</arg>
<doc>Evaluates the given expression in Python and returns the result.</doc>
<status status="PASS" start="2025-06-22T23:29:50.219702" elapsed="0.001996"/>
</kw>
<kw name="Get From List" owner="Collections">
<msg time="2025-06-22T23:29:50.222696" level="INFO">${doc_file} = word.docx</msg>
<var>${doc_file}</var>
<arg>${doc_files}</arg>
<arg>${i}</arg>
<doc>Returns the value specified with an ``index`` from ``list``.</doc>
<status status="PASS" start="2025-06-22T23:29:50.221698" elapsed="0.001995"/>
</kw>
<kw name="Join Path" owner="OperatingSystem">
<msg time="2025-06-22T23:29:50.224690" level="INFO">${doc_path} = C:\Users\Diogo\Documents\GitHub\ProjetoCollector\robot_populate\test_files\documents\word.docx</msg>
<var>${doc_path}</var>
<arg>${DOC_DIR}</arg>
<arg>${doc_file}</arg>
<doc>Joins the given path part(s) to the given base path.</doc>
<status status="PASS" start="2025-06-22T23:29:50.223693" elapsed="0.001994"/>
</kw>
<kw name="Append To List" owner="Collections">
<arg>${selected_docs}</arg>
<arg>${doc_path}</arg>
<doc>Adds ``values`` to the end of ``list``.</doc>
<status status="PASS" start="2025-06-22T23:29:50.226685" elapsed="0.000997"/>
</kw>
<var name="${index}">1</var>
<status status="PASS" start="2025-06-22T23:29:50.218712" elapsed="0.008970"/>
</iter>
<iter>
<kw name="Evaluate" owner="BuiltIn">
<msg time="2025-06-22T23:29:50.241509" level="INFO">${i} = 15</msg>
<var>${i}</var>
<arg>random.randint(0, len(${doc_files}) - 1)</arg>
<arg>modules=random</arg>
<doc>Evaluates the given expression in Python and returns the result.</doc>
<status status="PASS" start="2025-06-22T23:29:50.228679" elapsed="0.032659"/>
</kw>
<kw name="Get From List" owner="Collections">
<msg time="2025-06-22T23:29:50.262335" level="INFO">${doc_file} = word.docx</msg>
<var>${doc_file}</var>
<arg>${doc_files}</arg>
<arg>${i}</arg>
<doc>Returns the value specified with an ``index`` from ``list``.</doc>
<status status="PASS" start="2025-06-22T23:29:50.261338" elapsed="0.008634"/>
</kw>
<kw name="Join Path" owner="OperatingSystem">
<msg time="2025-06-22T23:29:50.271434" level="INFO">${doc_path} = C:\Users\Diogo\Documents\GitHub\ProjetoCollector\robot_populate\test_files\documents\word.docx</msg>
<var>${doc_path}</var>
<arg>${DOC_DIR}</arg>
<arg>${doc_file}</arg>
<doc>Joins the given path part(s) to the given base path.</doc>
<status status="PASS" start="2025-06-22T23:29:50.271434" elapsed="0.000000"/>
</kw>
<kw name="Append To List" owner="Collections">
<arg>${selected_docs}</arg>
<arg>${doc_path}</arg>
<doc>Adds ``values`` to the end of ``list``.</doc>
<status status="PASS" start="2025-06-22T23:29:50.271434" elapsed="0.000000"/>
</kw>
<var name="${index}">2</var>
<status status="PASS" start="2025-06-22T23:29:50.227682" elapsed="0.043752"/>
</iter>
<var>${index}</var>
<value>${num_files}</value>
<status status="PASS" start="2025-06-22T23:29:50.204364" elapsed="0.067070"/>
</for>
<kw name="Catenate" owner="BuiltIn">
<msg time="2025-06-22T23:29:50.271434" level="INFO">${doc_paths} = C:\Users\Diogo\Documents\GitHub\ProjetoCollector\robot_populate\test_files\documents\CollectorsNote_SilverSpoon1888.txt
C:\Users\Diogo\Documents\GitHub\ProjetoCollector\robot_populate\test_files\docum...</msg>
<var>${doc_paths}</var>
<arg>SEPARATOR=\n</arg>
<arg>@{selected_docs}</arg>
<doc>Catenates the given items together and returns the resulted string.</doc>
<status status="PASS" start="2025-06-22T23:29:50.271434" elapsed="0.000000"/>
</kw>
<kw name="Choose File" owner="SeleniumLibrary">
<msg time="2025-06-22T23:29:50.284422" level="INFO">Sending C:\Users\Diogo\Documents\GitHub\ProjetoCollector\robot_populate\test_files\documents\CollectorsNote_SilverSpoon1888.txt
C:\Users\Diogo\Documents\GitHub\ProjetoCollector\robot_populate\test_files\documents\word.docx
C:\Users\Diogo\Documents\GitHub\ProjetoCollector\robot_populate\test_files\documents\word.docx to browser.</msg>
<arg>id=documents</arg>
<arg>${doc_paths}</arg>
<doc>Inputs the ``file_path`` into the file input field ``locator``.</doc>
<status status="PASS" start="2025-06-22T23:29:50.271434" elapsed="0.121691"/>
</kw>
<status status="PASS" start="2025-06-22T23:29:50.189077" elapsed="0.204048"/>
</kw>
<arg>${upload_docs}</arg>
<arg>Upload Random Documents</arg>
<doc>Runs the given keyword with the given arguments, if ``condition`` is true.</doc>
<status status="PASS" start="2025-06-22T23:29:50.189077" elapsed="0.204048"/>
</kw>
<kw name="Evaluate" owner="BuiltIn">
<msg time="2025-06-22T23:29:50.393125" level="INFO">${random_index} = 0</msg>
<var>${random_index}</var>
<arg>random.randint(0, len(${LINKS}) - 1)</arg>
<arg>modules=random</arg>
<doc>Evaluates the given expression in Python and returns the result.</doc>
<status status="PASS" start="2025-06-22T23:29:50.393125" elapsed="0.000000"/>
</kw>
<kw name="Get From List" owner="Collections">
<msg time="2025-06-22T23:29:50.393125" level="INFO">${links} = https://stackoverflow.com/questions</msg>
<var>${links}</var>
<arg>${LINKS}</arg>
<arg>${random_index}</arg>
<doc>Returns the value specified with an ``index`` from ``list``.</doc>
<status status="PASS" start="2025-06-22T23:29:50.393125" elapsed="0.000000"/>
</kw>
<kw name="Input Text" owner="SeleniumLibrary">
<msg time="2025-06-22T23:29:50.399705" level="INFO">Typing text 'https://stackoverflow.com/questions' into text field 'id=links'.</msg>
<arg>id=links</arg>
<arg>${links}</arg>
<doc>Types the given ``text`` into the text field identified by ``locator``.</doc>
<status status="PASS" start="2025-06-22T23:29:50.393125" elapsed="0.126057"/>
</kw>
<kw name="Evaluate" owner="BuiltIn">
<msg time="2025-06-22T23:29:50.519182" level="INFO">${random_index} = 4</msg>
<var>${random_index}</var>
<arg>random.randint(0, len(${BRANDS}) - 1)</arg>
<arg>modules=random</arg>
<doc>Evaluates the given expression in Python and returns the result.</doc>
<status status="PASS" start="2025-06-22T23:29:50.519182" elapsed="0.000000"/>
</kw>
<kw name="Get From List" owner="Collections">
<msg time="2025-06-22T23:29:50.532633" level="INFO">${brand} = Macro</msg>
<var>${brand}</var>
<arg>${BRANDS}</arg>
<arg>${random_index}</arg>
<doc>Returns the value specified with an ``index`` from ``list``.</doc>
<status status="PASS" start="2025-06-22T23:29:50.519182" elapsed="0.013451"/>
</kw>
<kw name="Input Text" owner="SeleniumLibrary">
<msg time="2025-06-22T23:29:50.535626" level="INFO">Typing text 'Macro' into text field 'id=brand'.</msg>
<arg>id=brand</arg>
<arg>${brand}</arg>
<doc>Types the given ``text`` into the text field identified by ``locator``.</doc>
<status status="PASS" start="2025-06-22T23:29:50.533632" elapsed="0.095429"/>
</kw>
<kw name="Evaluate" owner="BuiltIn">
<msg time="2025-06-22T23:29:50.631056" level="INFO">${random_index} = 7</msg>
<var>${random_index}</var>
<arg>random.randint(0, len(${MODELS}) - 1)</arg>
<arg>modules=random</arg>
<doc>Evaluates the given expression in Python and returns the result.</doc>
<status status="PASS" start="2025-06-22T23:29:50.630058" elapsed="0.001995"/>
</kw>
<kw name="Get From List" owner="Collections">
<msg time="2025-06-22T23:29:50.632542" level="INFO">${model} = Lands</msg>
<var>${model}</var>
<arg>${MODELS}</arg>
<arg>${random_index}</arg>
<doc>Returns the value specified with an ``index`` from ``list``.</doc>
<status status="PASS" start="2025-06-22T23:29:50.632542" elapsed="0.000000"/>
</kw>
<kw name="Input Text" owner="SeleniumLibrary">
<msg time="2025-06-22T23:29:50.632542" level="INFO">Typing text 'Lands' into text field 'id=model'.</msg>
<arg>id=model</arg>
<arg>${model}</arg>
<doc>Types the given ``text`` into the text field identified by ``locator``.</doc>
<status status="PASS" start="2025-06-22T23:29:50.632542" elapsed="0.085455"/>
</kw>
<kw name="Evaluate" owner="BuiltIn">
<msg time="2025-06-22T23:29:50.717997" level="INFO">${upload_photos} = True</msg>
<var>${upload_photos}</var>
<arg>random.random() &gt; 0.15</arg>
<arg>modules=random</arg>
<doc>Evaluates the given expression in Python and returns the result.</doc>
<status status="PASS" start="2025-06-22T23:29:50.717997" elapsed="0.000000"/>
</kw>
<kw name="Run Keyword If" owner="BuiltIn">
<kw name="Upload Random Fotos">
<kw name="List Files In Directory" owner="OperatingSystem">
<msg time="2025-06-22T23:29:50.717997" level="INFO" html="true">Listing contents of directory '&lt;a href="file://C:\Users\Diogo\Documents\GitHub\ProjetoCollector\robot_populate\test_files\photos"&gt;C:\Users\Diogo\Documents\GitHub\ProjetoCollector\robot_populate\test_files\photos&lt;/a&gt;'.</msg>
<msg time="2025-06-22T23:29:50.735491" level="INFO">34 files:
aladin_lamp.jpeg
clock.jpeg
gear.jpeg
pexels-1849646-3435213.jpg
pexels-artem-krapivin-2149275329-30559134.jpg
pexels-bruno-almeida-1423946545-26620138.jpg
pexels-chuck-4939929.jpg
pexels-chuck-5231228.jpg
pexels-cottonbro-6053887.jpg
pexels-cottonbro-7609119.jpg
pexels-csongor-kemeny-1815134-3690052.jpg
pexels-dmitry-demidov-515774-3920847.jpg
pexels-doouglasma-15108261.jpg
pexels-dreamypixel-552774.jpg
pexels-emre-atesoglu-278506921-27951178.jpg
pexels-ian-panelo-3199028.jpg
pexels-n-i-e-r-o-s-h-o-t-s-149821-3210711.jpg
pexels-neosiam-595699.jpg
pexels-omertosuun-7454464.jpg
pexels-shovyrahman-177154.jpg
pexels-sudelermii-245055019-12407374.jpg
pexels-tima-miroshnichenko-5710558.jpg
phone.jpeg
photo-1516343951655-b04a58ad521a.avif
photo-1521127574-28faf1a160f9.avif
photo-1521499892833-773a6c6fd0b8.avif
photo-1584988252673-9daf27623d5e.avif
photo-1586015996141-7c2114b2e8fe.avif
photo-1604864708171-b6a408b4cba2.avif
photo-1611718663049-4c39b6b1182e.avif
photo-1663888672547-360e763e4ac7.avif
premium_photo-1682125756282-cd88ba44089c.avif
premium_photo-1716922967226-40f6d88902be.avif
premium_photo.avif</msg>
<msg time="2025-06-22T23:29:50.735491" level="INFO">${photo_files} = ['aladin_lamp.jpeg', 'clock.jpeg', 'gear.jpeg', 'pexels-1849646-3435213.jpg', 'pexels-artem-krapivin-2149275329-30559134.jpg', 'pexels-bruno-almeida-1423946545-26620138.jpg', 'pexels-chuck-4939929.jpg...</msg>
<var>${photo_files}</var>
<arg>${PHOTO_DIR}</arg>
<doc>Wrapper for `List Directory` that returns only files.</doc>
<status status="PASS" start="2025-06-22T23:29:50.717997" elapsed="0.017494"/>
</kw>
<kw name="Evaluate" owner="BuiltIn">
<msg time="2025-06-22T23:29:50.735491" level="INFO">${num_photos} = 1</msg>
<var>${num_photos}</var>
<arg>random.randint(1, 3)</arg>
<arg>modules=random</arg>
<doc>Evaluates the given expression in Python and returns the result.</doc>
<status status="PASS" start="2025-06-22T23:29:50.735491" elapsed="0.000000"/>
</kw>
<kw name="Create List" owner="BuiltIn">
<msg time="2025-06-22T23:29:50.735491" level="INFO">${selected_photos} = []</msg>
<var>${selected_photos}</var>
<doc>Returns a list containing given items.</doc>
<status status="PASS" start="2025-06-22T23:29:50.735491" elapsed="0.000000"/>
</kw>
<for flavor="IN RANGE">
<iter>
<kw name="Evaluate" owner="BuiltIn">
<msg time="2025-06-22T23:29:50.735491" level="INFO">${i} = 15</msg>
<var>${i}</var>
<arg>random.randint(0, len(${photo_files}) - 1)</arg>
<arg>modules=random</arg>
<doc>Evaluates the given expression in Python and returns the result.</doc>
<status status="PASS" start="2025-06-22T23:29:50.735491" elapsed="0.000000"/>
</kw>
<kw name="Get From List" owner="Collections">
<msg time="2025-06-22T23:29:50.735491" level="INFO">${photo_file} = pexels-ian-panelo-3199028.jpg</msg>
<var>${photo_file}</var>
<arg>${photo_files}</arg>
<arg>${i}</arg>
<doc>Returns the value specified with an ``index`` from ``list``.</doc>
<status status="PASS" start="2025-06-22T23:29:50.735491" elapsed="0.000000"/>
</kw>
<kw name="Join Path" owner="OperatingSystem">
<msg time="2025-06-22T23:29:50.735491" level="INFO">${photo_path} = C:\Users\Diogo\Documents\GitHub\ProjetoCollector\robot_populate\test_files\photos\pexels-ian-panelo-3199028.jpg</msg>
<var>${photo_path}</var>
<arg>${PHOTO_DIR}</arg>
<arg>${photo_file}</arg>
<doc>Joins the given path part(s) to the given base path.</doc>
<status status="PASS" start="2025-06-22T23:29:50.735491" elapsed="0.000000"/>
</kw>
<kw name="Append To List" owner="Collections">
<arg>${selected_photos}</arg>
<arg>${photo_path}</arg>
<doc>Adds ``values`` to the end of ``list``.</doc>
<status status="PASS" start="2025-06-22T23:29:50.749711" elapsed="0.001126"/>
</kw>
<var name="${index}">0</var>
<status status="PASS" start="2025-06-22T23:29:50.735491" elapsed="0.015346"/>
</iter>
<var>${index}</var>
<value>${num_photos}</value>
<status status="PASS" start="2025-06-22T23:29:50.735491" elapsed="0.015346"/>
</for>
<kw name="Catenate" owner="BuiltIn">
<msg time="2025-06-22T23:29:50.750837" level="INFO">${photo_paths} = C:\Users\Diogo\Documents\GitHub\ProjetoCollector\robot_populate\test_files\photos\pexels-ian-panelo-3199028.jpg</msg>
<var>${photo_paths}</var>
<arg>SEPARATOR=\n</arg>
<arg>@{selected_photos}</arg>
<doc>Catenates the given items together and returns the resulted string.</doc>
<status status="PASS" start="2025-06-22T23:29:50.750837" elapsed="0.000000"/>
</kw>
<kw name="Choose File" owner="SeleniumLibrary">
<msg time="2025-06-22T23:29:50.750837" level="INFO">Sending C:\Users\Diogo\Documents\GitHub\ProjetoCollector\robot_populate\test_files\photos\pexels-ian-panelo-3199028.jpg to browser.</msg>
<arg>id=photos</arg>
<arg>${photo_paths}</arg>
<doc>Inputs the ``file_path`` into the file input field ``locator``.</doc>
<status status="PASS" start="2025-06-22T23:29:50.750837" elapsed="0.051174"/>
</kw>
<status status="PASS" start="2025-06-22T23:29:50.717997" elapsed="0.084014"/>
</kw>
<arg>${upload_photos}</arg>
<arg>Upload Random Fotos</arg>
<doc>Runs the given keyword with the given arguments, if ``condition`` is true.</doc>
<status status="PASS" start="2025-06-22T23:29:50.717997" elapsed="0.084014"/>
</kw>
<kw name="Evaluate" owner="BuiltIn">
<msg time="2025-06-22T23:29:50.802011" level="INFO">${random_index} = 0</msg>
<var>${random_index}</var>
<arg>random.randint(0, len(${VISIBILITY}) - 1)</arg>
<arg>modules=random</arg>
<doc>Evaluates the given expression in Python and returns the result.</doc>
<status status="PASS" start="2025-06-22T23:29:50.802011" elapsed="0.000000"/>
</kw>
<kw name="Get From List" owner="Collections">
<msg time="2025-06-22T23:29:50.802011" level="INFO">${visibility} = public</msg>
<var>${visibility}</var>
<arg>${VISIBILITY}</arg>
<arg>${random_index}</arg>
<doc>Returns the value specified with an ``index`` from ``list``.</doc>
<status status="PASS" start="2025-06-22T23:29:50.802011" elapsed="0.000000"/>
</kw>
<kw name="Select From List By Value" owner="SeleniumLibrary">
<msg time="2025-06-22T23:29:50.802011" level="INFO">Selecting options from selection list 'id=type' by value public.</msg>
<arg>id=type</arg>
<arg>${visibility}</arg>
<doc>Selects options from selection list ``locator`` by ``values``.</doc>
<status status="PASS" start="2025-06-22T23:29:50.802011" elapsed="0.107558"/>
</kw>
<kw name="Scroll Element Into View" owner="SeleniumLibrary">
<arg>//*[@id="addItemForm"]/button</arg>
<doc>Scrolls the element identified by ``locator`` into view.</doc>
<status status="PASS" start="2025-06-22T23:29:50.909569" elapsed="0.275441"/>
</kw>
<kw name="Sleep" owner="BuiltIn">
<msg time="2025-06-22T23:29:52.198069" level="INFO">Slept 1 second.</msg>
<arg>1</arg>
<doc>Pauses the test executed for the given time.</doc>
<status status="PASS" start="2025-06-22T23:29:51.185010" elapsed="1.013059"/>
</kw>
<kw name="Click Button" owner="SeleniumLibrary">
<msg time="2025-06-22T23:29:52.199008" level="INFO">Clicking button '//*[@id="addItemForm"]/button'.</msg>
<arg>//*[@id="addItemForm"]/button</arg>
<doc>Clicks the button identified by ``locator``.</doc>
<status status="PASS" start="2025-06-22T23:29:52.199008" elapsed="0.085247"/>
</kw>
<kw name="Log To Console" owner="BuiltIn">
<arg>'${name}, ${description}, ${random_date}, ${cost}, ${origin}, ${upload_docs},${links}, ${brand}, ${model}, ${upload_photos}, ${visibility}'</arg>
<doc>Logs the given message to the console.</doc>
<status status="PASS" start="2025-06-22T23:29:52.285246" elapsed="0.001996"/>
</kw>
<kw name="Sleep" owner="BuiltIn">
<msg time="2025-06-22T23:30:12.296770" level="INFO">Slept 20 seconds.</msg>
<arg>20</arg>
<doc>Pauses the test executed for the given time.</doc>
<status status="PASS" start="2025-06-22T23:29:52.287242" elapsed="20.009528"/>
</kw>
<status status="PASS" start="2025-06-22T23:29:49.588793" elapsed="22.707977"/>
</kw>
<kw name="Evaluate" owner="BuiltIn">
<msg time="2025-06-22T23:30:12.296770" level="INFO">${count_item} = 1</msg>
<var>${count_item}</var>
<arg>${count_item}+1</arg>
<doc>Evaluates the given expression in Python and returns the result.</doc>
<status status="PASS" start="2025-06-22T23:30:12.296770" elapsed="0.003145"/>
</kw>
<kw name="Log To Console" owner="BuiltIn">
<arg>${count_item}</arg>
<doc>Logs the given message to the console.</doc>
<status status="PASS" start="2025-06-22T23:30:12.300912" elapsed="0.000996"/>
</kw>
<kw name="Log To Console" owner="BuiltIn">
<arg>------------------------------</arg>
<doc>Logs the given message to the console.</doc>
<status status="PASS" start="2025-06-22T23:30:12.302906" elapsed="0.000838"/>
</kw>
<var name="${index}">0</var>
<status status="PASS" start="2025-06-22T23:29:49.086472" elapsed="23.217272"/>
</iter>
<iter>
<kw name="Change Tab">
<kw name="Wait Until Element Is Visible" owner="SeleniumLibrary">
<arg>${CHANGE_TAB}</arg>
<doc>Waits until the element ``locator`` is visible.</doc>
<status status="PASS" start="2025-06-22T23:30:12.304745" elapsed="0.026207"/>
</kw>
<kw name="Click Element" owner="SeleniumLibrary">
<msg time="2025-06-22T23:30:12.331952" level="INFO">Clicking element 'addItemTab'.</msg>
<arg>${CHANGE_TAB}</arg>
<doc>Click the element identified by ``locator``.</doc>
<status status="PASS" start="2025-06-22T23:30:12.330952" elapsed="0.203951"/>
</kw>
<arg>${ADD_ITEM_TAB}</arg>
<status status="PASS" start="2025-06-22T23:30:12.304745" elapsed="0.231156"/>
</kw>
<kw name="Insert Data">
<kw name="Wait Until Element Is Visible" owner="SeleniumLibrary">
<arg>name</arg>
<arg>timeout=120</arg>
<doc>Waits until the element ``locator`` is visible.</doc>
<status status="PASS" start="2025-06-22T23:30:12.538893" elapsed="0.053050"/>
</kw>
<kw name="Evaluate" owner="BuiltIn">
<msg time="2025-06-22T23:30:12.592940" level="INFO">${random_index} = 0</msg>
<var>${random_index}</var>
<arg>random.randint(0, len(${WORDS}) - 1)</arg>
<arg>modules=random</arg>
<doc>Evaluates the given expression in Python and returns the result.</doc>
<status status="PASS" start="2025-06-22T23:30:12.592940" elapsed="0.000997"/>
</kw>
<kw name="Get From List" owner="Collections">
<msg time="2025-06-22T23:30:12.596930" level="INFO">${name} = Mesa</msg>
<var>${name}</var>
<arg>${WORDS}</arg>
<arg>${random_index}</arg>
<doc>Returns the value specified with an ``index`` from ``list``.</doc>
<status status="PASS" start="2025-06-22T23:30:12.593937" elapsed="0.002993"/>
</kw>
<kw name="Input Text" owner="SeleniumLibrary">
<msg time="2025-06-22T23:30:12.598753" level="INFO">Typing text 'Mesa' into text field 'id=name'.</msg>
<arg>id=name</arg>
<arg>${name}</arg>
<doc>Types the given ``text`` into the text field identified by ``locator``.</doc>
<status status="PASS" start="2025-06-22T23:30:12.597797" elapsed="0.138976"/>
</kw>
<kw name="Evaluate" owner="BuiltIn">
<msg time="2025-06-22T23:30:12.738766" level="INFO">${random_index} = 3</msg>
<var>${random_index}</var>
<arg>random.randint(0, len(${DESCRIPTIONS}) - 1)</arg>
<arg>modules=random</arg>
<doc>Evaluates the given expression in Python and returns the result.</doc>
<status status="PASS" start="2025-06-22T23:30:12.737767" elapsed="0.000999"/>
</kw>
<kw name="Get From List" owner="Collections">
<msg time="2025-06-22T23:30:12.740759" level="INFO">${description} = Artigo delicado, não mexer</msg>
<var>${description}</var>
<arg>${DESCRIPTIONS}</arg>
<arg>${random_index}</arg>
<doc>Returns the value specified with an ``index`` from ``list``.</doc>
<status status="PASS" start="2025-06-22T23:30:12.739762" elapsed="0.001995"/>
</kw>
<kw name="Input Text" owner="SeleniumLibrary">
<msg time="2025-06-22T23:30:12.743752" level="INFO">Typing text 'Artigo delicado, não mexer' into text field 'id=description'.</msg>
<arg>id=description</arg>
<arg>${description}</arg>
<doc>Types the given ``text`` into the text field identified by ``locator``.</doc>
<status status="PASS" start="2025-06-22T23:30:12.741757" elapsed="0.155512"/>
</kw>
<kw name="Evaluate" owner="BuiltIn">
<msg time="2025-06-22T23:30:12.899263" level="INFO">${random_date} = 17-09-2009</msg>
<var>${random_date}</var>
<arg>(__import__('datetime').date(random.randint(1800, 2024), random.randint(1, 12), random.randint(1, 28))).strftime('%d-%m-%Y')</arg>
<arg>modules=random</arg>
<doc>Evaluates the given expression in Python and returns the result.</doc>
<status status="PASS" start="2025-06-22T23:30:12.898265" elapsed="0.001995"/>
</kw>
<kw name="Input Text" owner="SeleniumLibrary">
<msg time="2025-06-22T23:30:12.901257" level="INFO">Typing text '17-09-2009' into text field 'id=acquisition_date'.</msg>
<arg>id=acquisition_date</arg>
<arg>${random_date}</arg>
<doc>Types the given ``text`` into the text field identified by ``locator``.</doc>
<status status="PASS" start="2025-06-22T23:30:12.900260" elapsed="0.093477"/>
</kw>
<kw name="Evaluate" owner="BuiltIn">
<msg time="2025-06-22T23:30:12.994736" level="INFO">${random_index} = 2</msg>
<var>${random_index}</var>
<arg>random.randint(0, len(${VALUES}) - 1)</arg>
<arg>modules=random</arg>
<doc>Evaluates the given expression in Python and returns the result.</doc>
<status status="PASS" start="2025-06-22T23:30:12.993737" elapsed="0.001995"/>
</kw>
<kw name="Get From List" owner="Collections">
<msg time="2025-06-22T23:30:12.997726" level="INFO">${cost} = 1200</msg>
<var>${cost}</var>
<arg>${VALUES}</arg>
<arg>${random_index}</arg>
<doc>Returns the value specified with an ``index`` from ``list``.</doc>
<status status="PASS" start="2025-06-22T23:30:12.996739" elapsed="0.001985"/>
</kw>
<kw name="Input Text" owner="SeleniumLibrary">
<msg time="2025-06-22T23:30:12.999721" level="INFO">Typing text '1200' into text field 'id=cost'.</msg>
<arg>id=cost</arg>
<arg>${cost}</arg>
<doc>Types the given ``text`` into the text field identified by ``locator``.</doc>
<status status="PASS" start="2025-06-22T23:30:12.998724" elapsed="0.083847"/>
</kw>
<kw name="Evaluate" owner="BuiltIn">
<msg time="2025-06-22T23:30:13.083566" level="INFO">${random_index} = 5</msg>
<var>${random_index}</var>
<arg>random.randint(0, len(${ORIGINS}) - 1)</arg>
<arg>modules=random</arg>
<doc>Evaluates the given expression in Python and returns the result.</doc>
<status status="PASS" start="2025-06-22T23:30:13.083566" elapsed="0.000997"/>
</kw>
<kw name="Get From List" owner="Collections">
<msg time="2025-06-22T23:30:13.085561" level="INFO">${origin} = Covilhã</msg>
<var>${origin}</var>
<arg>${ORIGINS}</arg>
<arg>${random_index}</arg>
<doc>Returns the value specified with an ``index`` from ``list``.</doc>
<status status="PASS" start="2025-06-22T23:30:13.084563" elapsed="0.000998"/>
</kw>
<kw name="Input Text" owner="SeleniumLibrary">
<msg time="2025-06-22T23:30:13.087555" level="INFO">Typing text 'Covilhã' into text field 'id=origin'.</msg>
<arg>id=origin</arg>
<arg>${origin}</arg>
<doc>Types the given ``text`` into the text field identified by ``locator``.</doc>
<status status="PASS" start="2025-06-22T23:30:13.086559" elapsed="0.083207"/>
</kw>
<kw name="Evaluate" owner="BuiltIn">
<msg time="2025-06-22T23:30:13.171761" level="INFO">${upload_docs} = True</msg>
<var>${upload_docs}</var>
<arg>random.random() &gt; 0.15</arg>
<arg>modules=random</arg>
<doc>Evaluates the given expression in Python and returns the result.</doc>
<status status="PASS" start="2025-06-22T23:30:13.170764" elapsed="0.000997"/>
</kw>
<kw name="Run Keyword If" owner="BuiltIn">
<kw name="Upload Random Documents">
<kw name="List Files In Directory" owner="OperatingSystem">
<msg time="2025-06-22T23:30:13.175753" level="INFO" html="true">Listing contents of directory '&lt;a href="file://C:\Users\Diogo\Documents\GitHub\ProjetoCollector\robot_populate\test_files\documents"&gt;C:\Users\Diogo\Documents\GitHub\ProjetoCollector\robot_populate\test_files\documents&lt;/a&gt;'.</msg>
<msg time="2025-06-22T23:30:13.177745" level="INFO">16 files:
Antique_Chair_Carved_Walnut.docx
CollectorsNote_SilverSpoon1888.txt
Comprovativo de compra.pdf
CurioShelf_Inventory_04.csv
EstateFind_Glassware_Set02.doc
FrenchClock_Bronze_1890.pdf
Heirloom_Jewelry_Catalog_01.pdf
Manual_instruções_mesa.pdf
Mesa grande.txt
Relatorio_de_fabrico.docx
RetroRadio_German1950.mp3
Vintage_TeaSet_England1922.xlsx
excel.xls
pdf.pdf
texto.txt
word.docx</msg>
<msg time="2025-06-22T23:30:13.177745" level="INFO">${doc_files} = ['Antique_Chair_Carved_Walnut.docx', 'CollectorsNote_SilverSpoon1888.txt', 'Comprovativo de compra.pdf', 'CurioShelf_Inventory_04.csv', 'EstateFind_Glassware_Set02.doc', 'FrenchClock_Bronze_1890.pdf',...</msg>
<var>${doc_files}</var>
<arg>${DOC_DIR}</arg>
<doc>Wrapper for `List Directory` that returns only files.</doc>
<status status="PASS" start="2025-06-22T23:30:13.174754" elapsed="0.003991"/>
</kw>
<kw name="Evaluate" owner="BuiltIn">
<msg time="2025-06-22T23:30:13.181653" level="INFO">${num_files} = 1</msg>
<var>${num_files}</var>
<arg>random.randint(1, 3)</arg>
<arg>modules=random</arg>
<doc>Evaluates the given expression in Python and returns the result.</doc>
<status status="PASS" start="2025-06-22T23:30:13.179740" elapsed="0.001913"/>
</kw>
<kw name="Create List" owner="BuiltIn">
<msg time="2025-06-22T23:30:13.181653" level="INFO">${selected_docs} = []</msg>
<var>${selected_docs}</var>
<doc>Returns a list containing given items.</doc>
<status status="PASS" start="2025-06-22T23:30:13.181653" elapsed="0.000000"/>
</kw>
<for flavor="IN RANGE">
<iter>
<kw name="Evaluate" owner="BuiltIn">
<msg time="2025-06-22T23:30:13.181653" level="INFO">${i} = 11</msg>
<var>${i}</var>
<arg>random.randint(0, len(${doc_files}) - 1)</arg>
<arg>modules=random</arg>
<doc>Evaluates the given expression in Python and returns the result.</doc>
<status status="PASS" start="2025-06-22T23:30:13.181653" elapsed="0.000000"/>
</kw>
<kw name="Get From List" owner="Collections">
<msg time="2025-06-22T23:30:13.181653" level="INFO">${doc_file} = Vintage_TeaSet_England1922.xlsx</msg>
<var>${doc_file}</var>
<arg>${doc_files}</arg>
<arg>${i}</arg>
<doc>Returns the value specified with an ``index`` from ``list``.</doc>
<status status="PASS" start="2025-06-22T23:30:13.181653" elapsed="0.000000"/>
</kw>
<kw name="Join Path" owner="OperatingSystem">
<msg time="2025-06-22T23:30:13.181653" level="INFO">${doc_path} = C:\Users\Diogo\Documents\GitHub\ProjetoCollector\robot_populate\test_files\documents\Vintage_TeaSet_England1922.xlsx</msg>
<var>${doc_path}</var>
<arg>${DOC_DIR}</arg>
<arg>${doc_file}</arg>
<doc>Joins the given path part(s) to the given base path.</doc>
<status status="PASS" start="2025-06-22T23:30:13.181653" elapsed="0.000000"/>
</kw>
<kw name="Append To List" owner="Collections">
<arg>${selected_docs}</arg>
<arg>${doc_path}</arg>
<doc>Adds ``values`` to the end of ``list``.</doc>
<status status="PASS" start="2025-06-22T23:30:13.181653" elapsed="0.000000"/>
</kw>
<var name="${index}">0</var>
<status status="PASS" start="2025-06-22T23:30:13.181653" elapsed="0.000000"/>
</iter>
<var>${index}</var>
<value>${num_files}</value>
<status status="PASS" start="2025-06-22T23:30:13.181653" elapsed="0.000000"/>
</for>
<kw name="Catenate" owner="BuiltIn">
<msg time="2025-06-22T23:30:13.181653" level="INFO">${doc_paths} = C:\Users\Diogo\Documents\GitHub\ProjetoCollector\robot_populate\test_files\documents\Vintage_TeaSet_England1922.xlsx</msg>
<var>${doc_paths}</var>
<arg>SEPARATOR=\n</arg>
<arg>@{selected_docs}</arg>
<doc>Catenates the given items together and returns the resulted string.</doc>
<status status="PASS" start="2025-06-22T23:30:13.181653" elapsed="0.000000"/>
</kw>
<kw name="Choose File" owner="SeleniumLibrary">
<msg time="2025-06-22T23:30:13.196938" level="INFO">Sending C:\Users\Diogo\Documents\GitHub\ProjetoCollector\robot_populate\test_files\documents\Vintage_TeaSet_England1922.xlsx to browser.</msg>
<arg>id=documents</arg>
<arg>${doc_paths}</arg>
<doc>Inputs the ``file_path`` into the file input field ``locator``.</doc>
<status status="PASS" start="2025-06-22T23:30:13.194938" elapsed="0.043883"/>
</kw>
<status status="PASS" start="2025-06-22T23:30:13.172758" elapsed="0.066063"/>
</kw>
<arg>${upload_docs}</arg>
<arg>Upload Random Documents</arg>
<doc>Runs the given keyword with the given arguments, if ``condition`` is true.</doc>
<status status="PASS" start="2025-06-22T23:30:13.172758" elapsed="0.066063"/>
</kw>
<kw name="Evaluate" owner="BuiltIn">
<msg time="2025-06-22T23:30:13.239819" level="INFO">${random_index} = 1</msg>
<var>${random_index}</var>
<arg>random.randint(0, len(${LINKS}) - 1)</arg>
<arg>modules=random</arg>
<doc>Evaluates the given expression in Python and returns the result.</doc>
<status status="PASS" start="2025-06-22T23:30:13.239819" elapsed="0.000998"/>
</kw>
<kw name="Get From List" owner="Collections">
<msg time="2025-06-22T23:30:13.241813" level="INFO">${links} = https://www.facebook.com/</msg>
<var>${links}</var>
<arg>${LINKS}</arg>
<arg>${random_index}</arg>
<doc>Returns the value specified with an ``index`` from ``list``.</doc>
<status status="PASS" start="2025-06-22T23:30:13.240817" elapsed="0.000996"/>
</kw>
<kw name="Input Text" owner="SeleniumLibrary">
<msg time="2025-06-22T23:30:13.243808" level="INFO">Typing text 'https://www.facebook.com/' into text field 'id=links'.</msg>
<arg>id=links</arg>
<arg>${links}</arg>
<doc>Types the given ``text`` into the text field identified by ``locator``.</doc>
<status status="PASS" start="2025-06-22T23:30:13.242810" elapsed="0.115998"/>
</kw>
<kw name="Evaluate" owner="BuiltIn">
<msg time="2025-06-22T23:30:13.359805" level="INFO">${random_index} = 6</msg>
<var>${random_index}</var>
<arg>random.randint(0, len(${BRANDS}) - 1)</arg>
<arg>modules=random</arg>
<doc>Evaluates the given expression in Python and returns the result.</doc>
<status status="PASS" start="2025-06-22T23:30:13.359805" elapsed="0.000998"/>
</kw>
<kw name="Get From List" owner="Collections">
<msg time="2025-06-22T23:30:13.362797" level="INFO">${brand} = Prot</msg>
<var>${brand}</var>
<arg>${BRANDS}</arg>
<arg>${random_index}</arg>
<doc>Returns the value specified with an ``index`` from ``list``.</doc>
<status status="PASS" start="2025-06-22T23:30:13.360803" elapsed="0.001994"/>
</kw>
<kw name="Input Text" owner="SeleniumLibrary">
<msg time="2025-06-22T23:30:13.366788" level="INFO">Typing text 'Prot' into text field 'id=brand'.</msg>
<arg>id=brand</arg>
<arg>${brand}</arg>
<doc>Types the given ``text`` into the text field identified by ``locator``.</doc>
<status status="PASS" start="2025-06-22T23:30:13.363803" elapsed="0.096568"/>
</kw>
<kw name="Evaluate" owner="BuiltIn">
<msg time="2025-06-22T23:30:13.463370" level="INFO">${random_index} = 2</msg>
<var>${random_index}</var>
<arg>random.randint(0, len(${MODELS}) - 1)</arg>
<arg>modules=random</arg>
<doc>Evaluates the given expression in Python and returns the result.</doc>
<status status="PASS" start="2025-06-22T23:30:13.461369" elapsed="0.002995"/>
</kw>
<kw name="Get From List" owner="Collections">
<msg time="2025-06-22T23:30:13.466355" level="INFO">${model} = Mend</msg>
<var>${model}</var>
<arg>${MODELS}</arg>
<arg>${random_index}</arg>
<doc>Returns the value specified with an ``index`` from ``list``.</doc>
<status status="PASS" start="2025-06-22T23:30:13.464364" elapsed="0.001991"/>
</kw>
<kw name="Input Text" owner="SeleniumLibrary">
<msg time="2025-06-22T23:30:13.467352" level="INFO">Typing text 'Mend' into text field 'id=model'.</msg>
<arg>id=model</arg>
<arg>${model}</arg>
<doc>Types the given ``text`` into the text field identified by ``locator``.</doc>
<status status="PASS" start="2025-06-22T23:30:13.466355" elapsed="0.093639"/>
</kw>
<kw name="Evaluate" owner="BuiltIn">
<msg time="2025-06-22T23:30:13.561989" level="INFO">${upload_photos} = True</msg>
<var>${upload_photos}</var>
<arg>random.random() &gt; 0.15</arg>
<arg>modules=random</arg>
<doc>Evaluates the given expression in Python and returns the result.</doc>
<status status="PASS" start="2025-06-22T23:30:13.560991" elapsed="0.002004"/>
</kw>
<kw name="Run Keyword If" owner="BuiltIn">
<kw name="Upload Random Fotos">
<kw name="List Files In Directory" owner="OperatingSystem">
<msg time="2025-06-22T23:30:13.565977" level="INFO" html="true">Listing contents of directory '&lt;a href="file://C:\Users\Diogo\Documents\GitHub\ProjetoCollector\robot_populate\test_files\photos"&gt;C:\Users\Diogo\Documents\GitHub\ProjetoCollector\robot_populate\test_files\photos&lt;/a&gt;'.</msg>
<msg time="2025-06-22T23:30:13.568968" level="INFO">34 files:
aladin_lamp.jpeg
clock.jpeg
gear.jpeg
pexels-1849646-3435213.jpg
pexels-artem-krapivin-2149275329-30559134.jpg
pexels-bruno-almeida-1423946545-26620138.jpg
pexels-chuck-4939929.jpg
pexels-chuck-5231228.jpg
pexels-cottonbro-6053887.jpg
pexels-cottonbro-7609119.jpg
pexels-csongor-kemeny-1815134-3690052.jpg
pexels-dmitry-demidov-515774-3920847.jpg
pexels-doouglasma-15108261.jpg
pexels-dreamypixel-552774.jpg
pexels-emre-atesoglu-278506921-27951178.jpg
pexels-ian-panelo-3199028.jpg
pexels-n-i-e-r-o-s-h-o-t-s-149821-3210711.jpg
pexels-neosiam-595699.jpg
pexels-omertosuun-7454464.jpg
pexels-shovyrahman-177154.jpg
pexels-sudelermii-245055019-12407374.jpg
pexels-tima-miroshnichenko-5710558.jpg
phone.jpeg
photo-1516343951655-b04a58ad521a.avif
photo-1521127574-28faf1a160f9.avif
photo-1521499892833-773a6c6fd0b8.avif
photo-1584988252673-9daf27623d5e.avif
photo-1586015996141-7c2114b2e8fe.avif
photo-1604864708171-b6a408b4cba2.avif
photo-1611718663049-4c39b6b1182e.avif
photo-1663888672547-360e763e4ac7.avif
premium_photo-1682125756282-cd88ba44089c.avif
premium_photo-1716922967226-40f6d88902be.avif
premium_photo.avif</msg>
<msg time="2025-06-22T23:30:13.569965" level="INFO">${photo_files} = ['aladin_lamp.jpeg', 'clock.jpeg', 'gear.jpeg', 'pexels-1849646-3435213.jpg', 'pexels-artem-krapivin-2149275329-30559134.jpg', 'pexels-bruno-almeida-1423946545-26620138.jpg', 'pexels-chuck-4939929.jpg...</msg>
<var>${photo_files}</var>
<arg>${PHOTO_DIR}</arg>
<doc>Wrapper for `List Directory` that returns only files.</doc>
<status status="PASS" start="2025-06-22T23:30:13.565977" elapsed="0.003988"/>
</kw>
<kw name="Evaluate" owner="BuiltIn">
<msg time="2025-06-22T23:30:13.571961" level="INFO">${num_photos} = 2</msg>
<var>${num_photos}</var>
<arg>random.randint(1, 3)</arg>
<arg>modules=random</arg>
<doc>Evaluates the given expression in Python and returns the result.</doc>
<status status="PASS" start="2025-06-22T23:30:13.570964" elapsed="0.001994"/>
</kw>
<kw name="Create List" owner="BuiltIn">
<msg time="2025-06-22T23:30:13.573955" level="INFO">${selected_photos} = []</msg>
<var>${selected_photos}</var>
<doc>Returns a list containing given items.</doc>
<status status="PASS" start="2025-06-22T23:30:13.572958" elapsed="0.001995"/>
</kw>
<for flavor="IN RANGE">
<iter>
<kw name="Evaluate" owner="BuiltIn">
<msg time="2025-06-22T23:30:13.576947" level="INFO">${i} = 16</msg>
<var>${i}</var>
<arg>random.randint(0, len(${photo_files}) - 1)</arg>
<arg>modules=random</arg>
<doc>Evaluates the given expression in Python and returns the result.</doc>
<status status="PASS" start="2025-06-22T23:30:13.575950" elapsed="0.002992"/>
</kw>
<kw name="Get From List" owner="Collections">
<msg time="2025-06-22T23:30:13.580938" level="INFO">${photo_file} = pexels-n-i-e-r-o-s-h-o-t-s-149821-3210711.jpg</msg>
<var>${photo_file}</var>
<arg>${photo_files}</arg>
<arg>${i}</arg>
<doc>Returns the value specified with an ``index`` from ``list``.</doc>
<status status="PASS" start="2025-06-22T23:30:13.579945" elapsed="0.002026"/>
</kw>
<kw name="Join Path" owner="OperatingSystem">
<msg time="2025-06-22T23:30:13.582931" level="INFO">${photo_path} = C:\Users\Diogo\Documents\GitHub\ProjetoCollector\robot_populate\test_files\photos\pexels-n-i-e-r-o-s-h-o-t-s-149821-3210711.jpg</msg>
<var>${photo_path}</var>
<arg>${PHOTO_DIR}</arg>
<arg>${photo_file}</arg>
<doc>Joins the given path part(s) to the given base path.</doc>
<status status="PASS" start="2025-06-22T23:30:13.581971" elapsed="0.001959"/>
</kw>
<kw name="Append To List" owner="Collections">
<arg>${selected_photos}</arg>
<arg>${photo_path}</arg>
<doc>Adds ``values`` to the end of ``list``.</doc>
<status status="PASS" start="2025-06-22T23:30:13.583930" elapsed="0.000996"/>
</kw>
<var name="${index}">0</var>
<status status="PASS" start="2025-06-22T23:30:13.574953" elapsed="0.009973"/>
</iter>
<iter>
<kw name="Evaluate" owner="BuiltIn">
<msg time="2025-06-22T23:30:13.586920" level="INFO">${i} = 12</msg>
<var>${i}</var>
<arg>random.randint(0, len(${photo_files}) - 1)</arg>
<arg>modules=random</arg>
<doc>Evaluates the given expression in Python and returns the result.</doc>
<status status="PASS" start="2025-06-22T23:30:13.585924" elapsed="0.000996"/>
</kw>
<kw name="Get From List" owner="Collections">
<msg time="2025-06-22T23:30:13.588915" level="INFO">${photo_file} = pexels-doouglasma-15108261.jpg</msg>
<var>${photo_file}</var>
<arg>${photo_files}</arg>
<arg>${i}</arg>
<doc>Returns the value specified with an ``index`` from ``list``.</doc>
<status status="PASS" start="2025-06-22T23:30:13.587918" elapsed="0.001995"/>
</kw>
<kw name="Join Path" owner="OperatingSystem">
<msg time="2025-06-22T23:30:13.590911" level="INFO">${photo_path} = C:\Users\Diogo\Documents\GitHub\ProjetoCollector\robot_populate\test_files\photos\pexels-doouglasma-15108261.jpg</msg>
<var>${photo_path}</var>
<arg>${PHOTO_DIR}</arg>
<arg>${photo_file}</arg>
<doc>Joins the given path part(s) to the given base path.</doc>
<status status="PASS" start="2025-06-22T23:30:13.589913" elapsed="0.001994"/>
</kw>
<kw name="Append To List" owner="Collections">
<arg>${selected_photos}</arg>
<arg>${photo_path}</arg>
<doc>Adds ``values`` to the end of ``list``.</doc>
<status status="PASS" start="2025-06-22T23:30:13.591907" elapsed="0.001995"/>
</kw>
<var name="${index}">1</var>
<status status="PASS" start="2025-06-22T23:30:13.584926" elapsed="0.008976"/>
</iter>
<var>${index}</var>
<value>${num_photos}</value>
<status status="PASS" start="2025-06-22T23:30:13.574953" elapsed="0.018949"/>
</for>
<kw name="Catenate" owner="BuiltIn">
<msg time="2025-06-22T23:30:13.597891" level="INFO">${photo_paths} = C:\Users\Diogo\Documents\GitHub\ProjetoCollector\robot_populate\test_files\photos\pexels-n-i-e-r-o-s-h-o-t-s-149821-3210711.jpg
C:\Users\Diogo\Documents\GitHub\ProjetoCollector\robot_populate\test_fil...</msg>
<var>${photo_paths}</var>
<arg>SEPARATOR=\n</arg>
<arg>@{selected_photos}</arg>
<doc>Catenates the given items together and returns the resulted string.</doc>
<status status="PASS" start="2025-06-22T23:30:13.595897" elapsed="0.001994"/>
</kw>
<kw name="Choose File" owner="SeleniumLibrary">
<msg time="2025-06-22T23:30:13.601881" level="INFO">Sending C:\Users\Diogo\Documents\GitHub\ProjetoCollector\robot_populate\test_files\photos\pexels-n-i-e-r-o-s-h-o-t-s-149821-3210711.jpg
C:\Users\Diogo\Documents\GitHub\ProjetoCollector\robot_populate\test_files\photos\pexels-doouglasma-15108261.jpg to browser.</msg>
<arg>id=photos</arg>
<arg>${photo_paths}</arg>
<doc>Inputs the ``file_path`` into the file input field ``locator``.</doc>
<status status="PASS" start="2025-06-22T23:30:13.598889" elapsed="0.039895"/>
</kw>
<status status="PASS" start="2025-06-22T23:30:13.564980" elapsed="0.073804"/>
</kw>
<arg>${upload_photos}</arg>
<arg>Upload Random Fotos</arg>
<doc>Runs the given keyword with the given arguments, if ``condition`` is true.</doc>
<status status="PASS" start="2025-06-22T23:30:13.563983" elapsed="0.074801"/>
</kw>
<kw name="Evaluate" owner="BuiltIn">
<msg time="2025-06-22T23:30:13.639780" level="INFO">${random_index} = 0</msg>
<var>${random_index}</var>
<arg>random.randint(0, len(${VISIBILITY}) - 1)</arg>
<arg>modules=random</arg>
<doc>Evaluates the given expression in Python and returns the result.</doc>
<status status="PASS" start="2025-06-22T23:30:13.638784" elapsed="0.001992"/>
</kw>
<kw name="Get From List" owner="Collections">
<msg time="2025-06-22T23:30:13.641774" level="INFO">${visibility} = public</msg>
<var>${visibility}</var>
<arg>${VISIBILITY}</arg>
<arg>${random_index}</arg>
<doc>Returns the value specified with an ``index`` from ``list``.</doc>
<status status="PASS" start="2025-06-22T23:30:13.640776" elapsed="0.000998"/>
</kw>
<kw name="Select From List By Value" owner="SeleniumLibrary">
<msg time="2025-06-22T23:30:13.642773" level="INFO">Selecting options from selection list 'id=type' by value public.</msg>
<arg>id=type</arg>
<arg>${visibility}</arg>
<doc>Selects options from selection list ``locator`` by ``values``.</doc>
<status status="PASS" start="2025-06-22T23:30:13.641774" elapsed="0.071983"/>
</kw>
<kw name="Scroll Element Into View" owner="SeleniumLibrary">
<arg>//*[@id="addItemForm"]/button</arg>
<doc>Scrolls the element identified by ``locator`` into view.</doc>
<status status="PASS" start="2025-06-22T23:30:13.713757" elapsed="0.292660"/>
</kw>
<kw name="Sleep" owner="BuiltIn">
<msg time="2025-06-22T23:30:15.009950" level="INFO">Slept 1 second.</msg>
<arg>1</arg>
<doc>Pauses the test executed for the given time.</doc>
<status status="PASS" start="2025-06-22T23:30:14.007421" elapsed="1.002529"/>
</kw>
<kw name="Click Button" owner="SeleniumLibrary">
<msg time="2025-06-22T23:30:15.013086" level="INFO">Clicking button '//*[@id="addItemForm"]/button'.</msg>
<arg>//*[@id="addItemForm"]/button</arg>
<doc>Clicks the button identified by ``locator``.</doc>
<status status="PASS" start="2025-06-22T23:30:15.012088" elapsed="0.082142"/>
</kw>
<kw name="Log To Console" owner="BuiltIn">
<arg>'${name}, ${description}, ${random_date}, ${cost}, ${origin}, ${upload_docs},${links}, ${brand}, ${model}, ${upload_photos}, ${visibility}'</arg>
<doc>Logs the given message to the console.</doc>
<status status="PASS" start="2025-06-22T23:30:15.095226" elapsed="0.006980"/>
</kw>
<kw name="Sleep" owner="BuiltIn">
<msg time="2025-06-22T23:30:35.114790" level="INFO">Slept 20 seconds.</msg>
<arg>20</arg>
<doc>Pauses the test executed for the given time.</doc>
<status status="PASS" start="2025-06-22T23:30:15.102206" elapsed="20.012584"/>
</kw>
<status status="PASS" start="2025-06-22T23:30:12.536900" elapsed="22.577890"/>
</kw>
<kw name="Evaluate" owner="BuiltIn">
<msg time="2025-06-22T23:30:35.114790" level="INFO">${count_item} = 2</msg>
<var>${count_item}</var>
<arg>${count_item}+1</arg>
<doc>Evaluates the given expression in Python and returns the result.</doc>
<status status="PASS" start="2025-06-22T23:30:35.114790" elapsed="0.000000"/>
</kw>
<kw name="Log To Console" owner="BuiltIn">
<arg>${count_item}</arg>
<doc>Logs the given message to the console.</doc>
<status status="PASS" start="2025-06-22T23:30:35.114790" elapsed="0.000000"/>
</kw>
<kw name="Log To Console" owner="BuiltIn">
<arg>------------------------------</arg>
<doc>Logs the given message to the console.</doc>
<status status="PASS" start="2025-06-22T23:30:35.114790" elapsed="0.000000"/>
</kw>
<var name="${index}">1</var>
<status status="PASS" start="2025-06-22T23:30:12.303744" elapsed="22.811046"/>
</iter>
<iter>
<kw name="Change Tab">
<kw name="Wait Until Element Is Visible" owner="SeleniumLibrary">
<arg>${CHANGE_TAB}</arg>
<doc>Waits until the element ``locator`` is visible.</doc>
<status status="PASS" start="2025-06-22T23:30:35.114790" elapsed="0.033619"/>
</kw>
<kw name="Click Element" owner="SeleniumLibrary">
<msg time="2025-06-22T23:30:35.151696" level="INFO">Clicking element 'addItemTab'.</msg>
<arg>${CHANGE_TAB}</arg>
<doc>Click the element identified by ``locator``.</doc>
<status status="PASS" start="2025-06-22T23:30:35.150695" elapsed="0.235192"/>
</kw>
<arg>${ADD_ITEM_TAB}</arg>
<status status="PASS" start="2025-06-22T23:30:35.114790" elapsed="0.272089"/>
</kw>
<kw name="Insert Data">
<kw name="Wait Until Element Is Visible" owner="SeleniumLibrary">
<arg>name</arg>
<arg>timeout=120</arg>
<doc>Waits until the element ``locator`` is visible.</doc>
<status status="PASS" start="2025-06-22T23:30:35.391873" elapsed="0.028356"/>
</kw>
<kw name="Evaluate" owner="BuiltIn">
<msg time="2025-06-22T23:30:35.421226" level="INFO">${random_index} = 6</msg>
<var>${random_index}</var>
<arg>random.randint(0, len(${WORDS}) - 1)</arg>
<arg>modules=random</arg>
<doc>Evaluates the given expression in Python and returns the result.</doc>
<status status="PASS" start="2025-06-22T23:30:35.420229" elapsed="0.000997"/>
</kw>
<kw name="Get From List" owner="Collections">
<msg time="2025-06-22T23:30:35.423221" level="INFO">${name} = Vaso</msg>
<var>${name}</var>
<arg>${WORDS}</arg>
<arg>${random_index}</arg>
<doc>Returns the value specified with an ``index`` from ``list``.</doc>
<status status="PASS" start="2025-06-22T23:30:35.422224" elapsed="0.001995"/>
</kw>
<kw name="Input Text" owner="SeleniumLibrary">
<msg time="2025-06-22T23:30:35.426214" level="INFO">Typing text 'Vaso' into text field 'id=name'.</msg>
<arg>id=name</arg>
<arg>${name}</arg>
<doc>Types the given ``text`` into the text field identified by ``locator``.</doc>
<status status="PASS" start="2025-06-22T23:30:35.425220" elapsed="0.072983"/>
</kw>
<kw name="Evaluate" owner="BuiltIn">
<msg time="2025-06-22T23:30:35.498203" level="INFO">${random_index} = 0</msg>
<var>${random_index}</var>
<arg>random.randint(0, len(${DESCRIPTIONS}) - 1)</arg>
<arg>modules=random</arg>
<doc>Evaluates the given expression in Python and returns the result.</doc>
<status status="PASS" start="2025-06-22T23:30:35.498203" elapsed="0.000000"/>
</kw>
<kw name="Get From List" owner="Collections">
<msg time="2025-06-22T23:30:35.498203" level="INFO">${description} = Em bom estado com poucas marcas de uso</msg>
<var>${description}</var>
<arg>${DESCRIPTIONS}</arg>
<arg>${random_index}</arg>
<doc>Returns the value specified with an ``index`` from ``list``.</doc>
<status status="PASS" start="2025-06-22T23:30:35.498203" elapsed="0.000000"/>
</kw>
<kw name="Input Text" owner="SeleniumLibrary">
<msg time="2025-06-22T23:30:35.498203" level="INFO">Typing text 'Em bom estado com poucas marcas de uso' into text field 'id=description'.</msg>
<arg>id=description</arg>
<arg>${description}</arg>
<doc>Types the given ``text`` into the text field identified by ``locator``.</doc>
<status status="PASS" start="2025-06-22T23:30:35.498203" elapsed="0.115996"/>
</kw>
<kw name="Evaluate" owner="BuiltIn">
<msg time="2025-06-22T23:30:35.615196" level="INFO">${random_date} = 08-02-1987</msg>
<var>${random_date}</var>
<arg>(__import__('datetime').date(random.randint(1800, 2024), random.randint(1, 12), random.randint(1, 28))).strftime('%d-%m-%Y')</arg>
<arg>modules=random</arg>
<doc>Evaluates the given expression in Python and returns the result.</doc>
<status status="PASS" start="2025-06-22T23:30:35.614199" elapsed="0.000997"/>
</kw>
<kw name="Input Text" owner="SeleniumLibrary">
<msg time="2025-06-22T23:30:35.616192" level="INFO">Typing text '08-02-1987' into text field 'id=acquisition_date'.</msg>
<arg>id=acquisition_date</arg>
<arg>${random_date}</arg>
<doc>Types the given ``text`` into the text field identified by ``locator``.</doc>
<status status="PASS" start="2025-06-22T23:30:35.616192" elapsed="0.085545"/>
</kw>
<kw name="Evaluate" owner="BuiltIn">
<msg time="2025-06-22T23:30:35.702734" level="INFO">${random_index} = 2</msg>
<var>${random_index}</var>
<arg>random.randint(0, len(${VALUES}) - 1)</arg>
<arg>modules=random</arg>
<doc>Evaluates the given expression in Python and returns the result.</doc>
<status status="PASS" start="2025-06-22T23:30:35.701737" elapsed="0.000997"/>
</kw>
<kw name="Get From List" owner="Collections">
<msg time="2025-06-22T23:30:35.703732" level="INFO">${cost} = 1200</msg>
<var>${cost}</var>
<arg>${VALUES}</arg>
<arg>${random_index}</arg>
<doc>Returns the value specified with an ``index`` from ``list``.</doc>
<status status="PASS" start="2025-06-22T23:30:35.702734" elapsed="0.000998"/>
</kw>
<kw name="Input Text" owner="SeleniumLibrary">
<msg time="2025-06-22T23:30:35.705726" level="INFO">Typing text '1200' into text field 'id=cost'.</msg>
<arg>id=cost</arg>
<arg>${cost}</arg>
<doc>Types the given ``text`` into the text field identified by ``locator``.</doc>
<status status="PASS" start="2025-06-22T23:30:35.704729" elapsed="0.076501"/>
</kw>
<kw name="Evaluate" owner="BuiltIn">
<msg time="2025-06-22T23:30:35.782227" level="INFO">${random_index} = 2</msg>
<var>${random_index}</var>
<arg>random.randint(0, len(${ORIGINS}) - 1)</arg>
<arg>modules=random</arg>
<doc>Evaluates the given expression in Python and returns the result.</doc>
<status status="PASS" start="2025-06-22T23:30:35.781230" elapsed="0.000997"/>
</kw>
<kw name="Get From List" owner="Collections">
<msg time="2025-06-22T23:30:35.783228" level="INFO">${origin} = Porto</msg>
<var>${origin}</var>
<arg>${ORIGINS}</arg>
<arg>${random_index}</arg>
<doc>Returns the value specified with an ``index`` from ``list``.</doc>
<status status="PASS" start="2025-06-22T23:30:35.782227" elapsed="0.001001"/>
</kw>
<kw name="Input Text" owner="SeleniumLibrary">
<msg time="2025-06-22T23:30:35.785219" level="INFO">Typing text 'Porto' into text field 'id=origin'.</msg>
<arg>id=origin</arg>
<arg>${origin}</arg>
<doc>Types the given ``text`` into the text field identified by ``locator``.</doc>
<status status="PASS" start="2025-06-22T23:30:35.784223" elapsed="0.109584"/>
</kw>
<kw name="Evaluate" owner="BuiltIn">
<msg time="2025-06-22T23:30:35.893807" level="INFO">${upload_docs} = True</msg>
<var>${upload_docs}</var>
<arg>random.random() &gt; 0.15</arg>
<arg>modules=random</arg>
<doc>Evaluates the given expression in Python and returns the result.</doc>
<status status="PASS" start="2025-06-22T23:30:35.893807" elapsed="0.000000"/>
</kw>
<kw name="Run Keyword If" owner="BuiltIn">
<kw name="Upload Random Documents">
<kw name="List Files In Directory" owner="OperatingSystem">
<msg time="2025-06-22T23:30:35.893807" level="INFO" html="true">Listing contents of directory '&lt;a href="file://C:\Users\Diogo\Documents\GitHub\ProjetoCollector\robot_populate\test_files\documents"&gt;C:\Users\Diogo\Documents\GitHub\ProjetoCollector\robot_populate\test_files\documents&lt;/a&gt;'.</msg>
<msg time="2025-06-22T23:30:35.893807" level="INFO">16 files:
Antique_Chair_Carved_Walnut.docx
CollectorsNote_SilverSpoon1888.txt
Comprovativo de compra.pdf
CurioShelf_Inventory_04.csv
EstateFind_Glassware_Set02.doc
FrenchClock_Bronze_1890.pdf
Heirloom_Jewelry_Catalog_01.pdf
Manual_instruções_mesa.pdf
Mesa grande.txt
Relatorio_de_fabrico.docx
RetroRadio_German1950.mp3
Vintage_TeaSet_England1922.xlsx
excel.xls
pdf.pdf
texto.txt
word.docx</msg>
<msg time="2025-06-22T23:30:35.893807" level="INFO">${doc_files} = ['Antique_Chair_Carved_Walnut.docx', 'CollectorsNote_SilverSpoon1888.txt', 'Comprovativo de compra.pdf', 'CurioShelf_Inventory_04.csv', 'EstateFind_Glassware_Set02.doc', 'FrenchClock_Bronze_1890.pdf',...</msg>
<var>${doc_files}</var>
<arg>${DOC_DIR}</arg>
<doc>Wrapper for `List Directory` that returns only files.</doc>
<status status="PASS" start="2025-06-22T23:30:35.893807" elapsed="0.000000"/>
</kw>
<kw name="Evaluate" owner="BuiltIn">
<msg time="2025-06-22T23:30:35.910287" level="INFO">${num_files} = 3</msg>
<var>${num_files}</var>
<arg>random.randint(1, 3)</arg>
<arg>modules=random</arg>
<doc>Evaluates the given expression in Python and returns the result.</doc>
<status status="PASS" start="2025-06-22T23:30:35.907292" elapsed="0.002995"/>
</kw>
<kw name="Create List" owner="BuiltIn">
<msg time="2025-06-22T23:30:35.912282" level="INFO">${selected_docs} = []</msg>
<var>${selected_docs}</var>
<doc>Returns a list containing given items.</doc>
<status status="PASS" start="2025-06-22T23:30:35.911283" elapsed="0.000999"/>
</kw>
<for flavor="IN RANGE">
<iter>
<kw name="Evaluate" owner="BuiltIn">
<msg time="2025-06-22T23:30:35.916269" level="INFO">${i} = 1</msg>
<var>${i}</var>
<arg>random.randint(0, len(${doc_files}) - 1)</arg>
<arg>modules=random</arg>
<doc>Evaluates the given expression in Python and returns the result.</doc>
<status status="PASS" start="2025-06-22T23:30:35.914275" elapsed="0.001994"/>
</kw>
<kw name="Get From List" owner="Collections">
<msg time="2025-06-22T23:30:35.917267" level="INFO">${doc_file} = CollectorsNote_SilverSpoon1888.txt</msg>
<var>${doc_file}</var>
<arg>${doc_files}</arg>
<arg>${i}</arg>
<doc>Returns the value specified with an ``index`` from ``list``.</doc>
<status status="PASS" start="2025-06-22T23:30:35.916269" elapsed="0.001995"/>
</kw>
<kw name="Join Path" owner="OperatingSystem">
<msg time="2025-06-22T23:30:35.920259" level="INFO">${doc_path} = C:\Users\Diogo\Documents\GitHub\ProjetoCollector\robot_populate\test_files\documents\CollectorsNote_SilverSpoon1888.txt</msg>
<var>${doc_path}</var>
<arg>${DOC_DIR}</arg>
<arg>${doc_file}</arg>
<doc>Joins the given path part(s) to the given base path.</doc>
<status status="PASS" start="2025-06-22T23:30:35.919261" elapsed="0.000998"/>
</kw>
<kw name="Append To List" owner="Collections">
<arg>${selected_docs}</arg>
<arg>${doc_path}</arg>
<doc>Adds ``values`` to the end of ``list``.</doc>
<status status="PASS" start="2025-06-22T23:30:35.921256" elapsed="0.000997"/>
</kw>
<var name="${index}">0</var>
<status status="PASS" start="2025-06-22T23:30:35.914275" elapsed="0.007978"/>
</iter>
<iter>
<kw name="Evaluate" owner="BuiltIn">
<msg time="2025-06-22T23:30:35.926863" level="INFO">${i} = 3</msg>
<var>${i}</var>
<arg>random.randint(0, len(${doc_files}) - 1)</arg>
<arg>modules=random</arg>
<doc>Evaluates the given expression in Python and returns the result.</doc>
<status status="PASS" start="2025-06-22T23:30:35.925869" elapsed="0.001991"/>
</kw>
<kw name="Get From List" owner="Collections">
<msg time="2025-06-22T23:30:35.929855" level="INFO">${doc_file} = CurioShelf_Inventory_04.csv</msg>
<var>${doc_file}</var>
<arg>${doc_files}</arg>
<arg>${i}</arg>
<doc>Returns the value specified with an ``index`` from ``list``.</doc>
<status status="PASS" start="2025-06-22T23:30:35.928859" elapsed="0.001995"/>
</kw>
<kw name="Join Path" owner="OperatingSystem">
<msg time="2025-06-22T23:30:35.933843" level="INFO">${doc_path} = C:\Users\Diogo\Documents\GitHub\ProjetoCollector\robot_populate\test_files\documents\CurioShelf_Inventory_04.csv</msg>
<var>${doc_path}</var>
<arg>${DOC_DIR}</arg>
<arg>${doc_file}</arg>
<doc>Joins the given path part(s) to the given base path.</doc>
<status status="PASS" start="2025-06-22T23:30:35.932854" elapsed="0.001988"/>
</kw>
<kw name="Append To List" owner="Collections">
<arg>${selected_docs}</arg>
<arg>${doc_path}</arg>
<doc>Adds ``values`` to the end of ``list``.</doc>
<status status="PASS" start="2025-06-22T23:30:35.935838" elapsed="0.000999"/>
</kw>
<var name="${index}">1</var>
<status status="PASS" start="2025-06-22T23:30:35.923278" elapsed="0.013559"/>
</iter>
<iter>
<kw name="Evaluate" owner="BuiltIn">
<msg time="2025-06-22T23:30:35.939863" level="INFO">${i} = 4</msg>
<var>${i}</var>
<arg>random.randint(0, len(${doc_files}) - 1)</arg>
<arg>modules=random</arg>
<doc>Evaluates the given expression in Python and returns the result.</doc>
<status status="PASS" start="2025-06-22T23:30:35.937833" elapsed="0.004713"/>
</kw>
<kw name="Get From List" owner="Collections">
<msg time="2025-06-22T23:30:35.944540" level="INFO">${doc_file} = EstateFind_Glassware_Set02.doc</msg>
<var>${doc_file}</var>
<arg>${doc_files}</arg>
<arg>${i}</arg>
<doc>Returns the value specified with an ``index`` from ``list``.</doc>
<status status="PASS" start="2025-06-22T23:30:35.943541" elapsed="0.004003"/>
</kw>
<kw name="Join Path" owner="OperatingSystem">
<msg time="2025-06-22T23:30:35.950523" level="INFO">${doc_path} = C:\Users\Diogo\Documents\GitHub\ProjetoCollector\robot_populate\test_files\documents\EstateFind_Glassware_Set02.doc</msg>
<var>${doc_path}</var>
<arg>${DOC_DIR}</arg>
<arg>${doc_file}</arg>
<doc>Joins the given path part(s) to the given base path.</doc>
<status status="PASS" start="2025-06-22T23:30:35.949525" elapsed="0.001994"/>
</kw>
<kw name="Append To List" owner="Collections">
<arg>${selected_docs}</arg>
<arg>${doc_path}</arg>
<doc>Adds ``values`` to the end of ``list``.</doc>
<status status="PASS" start="2025-06-22T23:30:35.951519" elapsed="0.001996"/>
</kw>
<var name="${index}">2</var>
<status status="PASS" start="2025-06-22T23:30:35.936837" elapsed="0.016678"/>
</iter>
<var>${index}</var>
<value>${num_files}</value>
<status status="PASS" start="2025-06-22T23:30:35.913277" elapsed="0.040238"/>
</for>
<kw name="Catenate" owner="BuiltIn">
<msg time="2025-06-22T23:30:35.955510" level="INFO">${doc_paths} = C:\Users\Diogo\Documents\GitHub\ProjetoCollector\robot_populate\test_files\documents\CollectorsNote_SilverSpoon1888.txt
C:\Users\Diogo\Documents\GitHub\ProjetoCollector\robot_populate\test_files\docum...</msg>
<var>${doc_paths}</var>
<arg>SEPARATOR=\n</arg>
<arg>@{selected_docs}</arg>
<doc>Catenates the given items together and returns the resulted string.</doc>
<status status="PASS" start="2025-06-22T23:30:35.954511" elapsed="0.004613"/>
</kw>
<kw name="Choose File" owner="SeleniumLibrary">
<msg time="2025-06-22T23:30:35.961116" level="INFO">Sending C:\Users\Diogo\Documents\GitHub\ProjetoCollector\robot_populate\test_files\documents\CollectorsNote_SilverSpoon1888.txt
C:\Users\Diogo\Documents\GitHub\ProjetoCollector\robot_populate\test_files\documents\CurioShelf_Inventory_04.csv
C:\Users\Diogo\Documents\GitHub\ProjetoCollector\robot_populate\test_files\documents\EstateFind_Glassware_Set02.doc to browser.</msg>
<arg>id=documents</arg>
<arg>${doc_paths}</arg>
<doc>Inputs the ``file_path`` into the file input field ``locator``.</doc>
<status status="PASS" start="2025-06-22T23:30:35.960118" elapsed="0.059590"/>
</kw>
<status status="PASS" start="2025-06-22T23:30:35.893807" elapsed="0.125901"/>
</kw>
<arg>${upload_docs}</arg>
<arg>Upload Random Documents</arg>
<doc>Runs the given keyword with the given arguments, if ``condition`` is true.</doc>
<status status="PASS" start="2025-06-22T23:30:35.893807" elapsed="0.125901"/>
</kw>
<kw name="Evaluate" owner="BuiltIn">
<msg time="2025-06-22T23:30:36.021702" level="INFO">${random_index} = 1</msg>
<var>${random_index}</var>
<arg>random.randint(0, len(${LINKS}) - 1)</arg>
<arg>modules=random</arg>
<doc>Evaluates the given expression in Python and returns the result.</doc>
<status status="PASS" start="2025-06-22T23:30:36.020706" elapsed="0.000996"/>
</kw>
<kw name="Get From List" owner="Collections">
<msg time="2025-06-22T23:30:36.026689" level="INFO">${links} = https://www.facebook.com/</msg>
<var>${links}</var>
<arg>${LINKS}</arg>
<arg>${random_index}</arg>
<doc>Returns the value specified with an ``index`` from ``list``.</doc>
<status status="PASS" start="2025-06-22T23:30:36.022700" elapsed="0.003989"/>
</kw>
<kw name="Input Text" owner="SeleniumLibrary">
<msg time="2025-06-22T23:30:36.028683" level="INFO">Typing text 'https://www.facebook.com/' into text field 'id=links'.</msg>
<arg>id=links</arg>
<arg>${links}</arg>
<doc>Types the given ``text`` into the text field identified by ``locator``.</doc>
<status status="PASS" start="2025-06-22T23:30:36.027687" elapsed="0.276736"/>
</kw>
<kw name="Evaluate" owner="BuiltIn">
<msg time="2025-06-22T23:30:36.307407" level="INFO">${random_index} = 2</msg>
<var>${random_index}</var>
<arg>random.randint(0, len(${BRANDS}) - 1)</arg>
<arg>modules=random</arg>
<doc>Evaluates the given expression in Python and returns the result.</doc>
<status status="PASS" start="2025-06-22T23:30:36.305413" elapsed="0.002992"/>
</kw>
<kw name="Get From List" owner="Collections">
<msg time="2025-06-22T23:30:36.310399" level="INFO">${brand} = Mermeid</msg>
<var>${brand}</var>
<arg>${BRANDS}</arg>
<arg>${random_index}</arg>
<doc>Returns the value specified with an ``index`` from ``list``.</doc>
<status status="PASS" start="2025-06-22T23:30:36.309403" elapsed="0.001993"/>
</kw>
<kw name="Input Text" owner="SeleniumLibrary">
<msg time="2025-06-22T23:30:36.312395" level="INFO">Typing text 'Mermeid' into text field 'id=brand'.</msg>
<arg>id=brand</arg>
<arg>${brand}</arg>
<doc>Types the given ``text`` into the text field identified by ``locator``.</doc>
<status status="PASS" start="2025-06-22T23:30:36.311396" elapsed="0.124993"/>
</kw>
<kw name="Evaluate" owner="BuiltIn">
<msg time="2025-06-22T23:30:36.437385" level="INFO">${random_index} = 3</msg>
<var>${random_index}</var>
<arg>random.randint(0, len(${MODELS}) - 1)</arg>
<arg>modules=random</arg>
<doc>Evaluates the given expression in Python and returns the result.</doc>
<status status="PASS" start="2025-06-22T23:30:36.436389" elapsed="0.000996"/>
</kw>
<kw name="Get From List" owner="Collections">
<msg time="2025-06-22T23:30:36.438383" level="INFO">${model} = Sppa</msg>
<var>${model}</var>
<arg>${MODELS}</arg>
<arg>${random_index}</arg>
<doc>Returns the value specified with an ``index`` from ``list``.</doc>
<status status="PASS" start="2025-06-22T23:30:36.437385" elapsed="0.001996"/>
</kw>
<kw name="Input Text" owner="SeleniumLibrary">
<msg time="2025-06-22T23:30:36.441376" level="INFO">Typing text 'Sppa' into text field 'id=model'.</msg>
<arg>id=model</arg>
<arg>${model}</arg>
<doc>Types the given ``text`` into the text field identified by ``locator``.</doc>
<status status="PASS" start="2025-06-22T23:30:36.439381" elapsed="0.083691"/>
</kw>
<kw name="Evaluate" owner="BuiltIn">
<msg time="2025-06-22T23:30:36.524220" level="INFO">${upload_photos} = True</msg>
<var>${upload_photos}</var>
<arg>random.random() &gt; 0.15</arg>
<arg>modules=random</arg>
<doc>Evaluates the given expression in Python and returns the result.</doc>
<status status="PASS" start="2025-06-22T23:30:36.523220" elapsed="0.001995"/>
</kw>
<kw name="Run Keyword If" owner="BuiltIn">
<kw name="Upload Random Fotos">
<kw name="List Files In Directory" owner="OperatingSystem">
<msg time="2025-06-22T23:30:36.528208" level="INFO" html="true">Listing contents of directory '&lt;a href="file://C:\Users\Diogo\Documents\GitHub\ProjetoCollector\robot_populate\test_files\photos"&gt;C:\Users\Diogo\Documents\GitHub\ProjetoCollector\robot_populate\test_files\photos&lt;/a&gt;'.</msg>
<msg time="2025-06-22T23:30:36.531198" level="INFO">34 files:
aladin_lamp.jpeg
clock.jpeg
gear.jpeg
pexels-1849646-3435213.jpg
pexels-artem-krapivin-2149275329-30559134.jpg
pexels-bruno-almeida-1423946545-26620138.jpg
pexels-chuck-4939929.jpg
pexels-chuck-5231228.jpg
pexels-cottonbro-6053887.jpg
pexels-cottonbro-7609119.jpg
pexels-csongor-kemeny-1815134-3690052.jpg
pexels-dmitry-demidov-515774-3920847.jpg
pexels-doouglasma-15108261.jpg
pexels-dreamypixel-552774.jpg
pexels-emre-atesoglu-278506921-27951178.jpg
pexels-ian-panelo-3199028.jpg
pexels-n-i-e-r-o-s-h-o-t-s-149821-3210711.jpg
pexels-neosiam-595699.jpg
pexels-omertosuun-7454464.jpg
pexels-shovyrahman-177154.jpg
pexels-sudelermii-245055019-12407374.jpg
pexels-tima-miroshnichenko-5710558.jpg
phone.jpeg
photo-1516343951655-b04a58ad521a.avif
photo-1521127574-28faf1a160f9.avif
photo-1521499892833-773a6c6fd0b8.avif
photo-1584988252673-9daf27623d5e.avif
photo-1586015996141-7c2114b2e8fe.avif
photo-1604864708171-b6a408b4cba2.avif
photo-1611718663049-4c39b6b1182e.avif
photo-1663888672547-360e763e4ac7.avif
premium_photo-1682125756282-cd88ba44089c.avif
premium_photo-1716922967226-40f6d88902be.avif
premium_photo.avif</msg>
<msg time="2025-06-22T23:30:36.531198" level="INFO">${photo_files} = ['aladin_lamp.jpeg', 'clock.jpeg', 'gear.jpeg', 'pexels-1849646-3435213.jpg', 'pexels-artem-krapivin-2149275329-30559134.jpg', 'pexels-bruno-almeida-1423946545-26620138.jpg', 'pexels-chuck-4939929.jpg...</msg>
<var>${photo_files}</var>
<arg>${PHOTO_DIR}</arg>
<doc>Wrapper for `List Directory` that returns only files.</doc>
<status status="PASS" start="2025-06-22T23:30:36.527210" elapsed="0.004987"/>
</kw>
<kw name="Evaluate" owner="BuiltIn">
<msg time="2025-06-22T23:30:36.533194" level="INFO">${num_photos} = 1</msg>
<var>${num_photos}</var>
<arg>random.randint(1, 3)</arg>
<arg>modules=random</arg>
<doc>Evaluates the given expression in Python and returns the result.</doc>
<status status="PASS" start="2025-06-22T23:30:36.532197" elapsed="0.001995"/>
</kw>
<kw name="Create List" owner="BuiltIn">
<msg time="2025-06-22T23:30:36.535189" level="INFO">${selected_photos} = []</msg>
<var>${selected_photos}</var>
<doc>Returns a list containing given items.</doc>
<status status="PASS" start="2025-06-22T23:30:36.534192" elapsed="0.000997"/>
</kw>
<for flavor="IN RANGE">
<iter>
<kw name="Evaluate" owner="BuiltIn">
<msg time="2025-06-22T23:30:36.538182" level="INFO">${i} = 24</msg>
<var>${i}</var>
<arg>random.randint(0, len(${photo_files}) - 1)</arg>
<arg>modules=random</arg>
<doc>Evaluates the given expression in Python and returns the result.</doc>
<status status="PASS" start="2025-06-22T23:30:36.537184" elapsed="0.000998"/>
</kw>
<kw name="Get From List" owner="Collections">
<msg time="2025-06-22T23:30:36.540175" level="INFO">${photo_file} = photo-1521127574-28faf1a160f9.avif</msg>
<var>${photo_file}</var>
<arg>${photo_files}</arg>
<arg>${i}</arg>
<doc>Returns the value specified with an ``index`` from ``list``.</doc>
<status status="PASS" start="2025-06-22T23:30:36.539178" elapsed="0.001995"/>
</kw>
<kw name="Join Path" owner="OperatingSystem">
<msg time="2025-06-22T23:30:36.543168" level="INFO">${photo_path} = C:\Users\Diogo\Documents\GitHub\ProjetoCollector\robot_populate\test_files\photos\photo-1521127574-28faf1a160f9.avif</msg>
<var>${photo_path}</var>
<arg>${PHOTO_DIR}</arg>
<arg>${photo_file}</arg>
<doc>Joins the given path part(s) to the given base path.</doc>
<status status="PASS" start="2025-06-22T23:30:36.542170" elapsed="0.000998"/>
</kw>
<kw name="Append To List" owner="Collections">
<arg>${selected_photos}</arg>
<arg>${photo_path}</arg>
<doc>Adds ``values`` to the end of ``list``.</doc>
<status status="PASS" start="2025-06-22T23:30:36.544165" elapsed="0.000998"/>
</kw>
<var name="${index}">0</var>
<status status="PASS" start="2025-06-22T23:30:36.536186" elapsed="0.008977"/>
</iter>
<var>${index}</var>
<value>${num_photos}</value>
<status status="PASS" start="2025-06-22T23:30:36.536186" elapsed="0.008977"/>
</for>
<kw name="Catenate" owner="BuiltIn">
[...]
<msg time="2025-06-22T23:33:20.635833" level="INFO">${doc_file} = Relatorio_de_fabrico.docx</msg>
<var>${doc_file}</var>
<arg>${doc_files}</arg>
<arg>${i}</arg>
<doc>Returns the value specified with an ``index`` from ``list``.</doc>
<status status="PASS" start="2025-06-22T23:33:20.634836" elapsed="0.000997"/>
</kw>
<kw name="Join Path" owner="OperatingSystem">
<msg time="2025-06-22T23:33:20.637828" level="INFO">${doc_path} = C:\Users\Diogo\Documents\GitHub\ProjetoCollector\robot_populate\test_files\documents\Relatorio_de_fabrico.docx</msg>
<var>${doc_path}</var>
<arg>${DOC_DIR}</arg>
<arg>${doc_file}</arg>
<doc>Joins the given path part(s) to the given base path.</doc>
<status status="PASS" start="2025-06-22T23:33:20.636831" elapsed="0.001994"/>
</kw>
<kw name="Append To List" owner="Collections">
<arg>${selected_docs}</arg>
<arg>${doc_path}</arg>
<doc>Adds ``values`` to the end of ``list``.</doc>
<status status="PASS" start="2025-06-22T23:33:20.638825" elapsed="0.000999"/>
</kw>
<var name="${index}">0</var>
<status status="PASS" start="2025-06-22T23:33:20.631844" elapsed="0.008977"/>
</iter>
<iter>
<kw name="Evaluate" owner="BuiltIn">
<msg time="2025-06-22T23:33:20.645819" level="INFO">${i} = 4</msg>
<var>${i}</var>
<arg>random.randint(0, len(${doc_files}) - 1)</arg>
<arg>modules=random</arg>
<doc>Evaluates the given expression in Python and returns the result.</doc>
<status status="PASS" start="2025-06-22T23:33:20.642817" elapsed="0.003002"/>
</kw>
<kw name="Get From List" owner="Collections">
<msg time="2025-06-22T23:33:20.647801" level="INFO">${doc_file} = EstateFind_Glassware_Set02.doc</msg>
<var>${doc_file}</var>
<arg>${doc_files}</arg>
<arg>${i}</arg>
<doc>Returns the value specified with an ``index`` from ``list``.</doc>
<status status="PASS" start="2025-06-22T23:33:20.646805" elapsed="0.001994"/>
</kw>
<kw name="Join Path" owner="OperatingSystem">
<msg time="2025-06-22T23:33:20.650795" level="INFO">${doc_path} = C:\Users\Diogo\Documents\GitHub\ProjetoCollector\robot_populate\test_files\documents\EstateFind_Glassware_Set02.doc</msg>
<var>${doc_path}</var>
<arg>${DOC_DIR}</arg>
<arg>${doc_file}</arg>
<doc>Joins the given path part(s) to the given base path.</doc>
<status status="PASS" start="2025-06-22T23:33:20.648799" elapsed="0.004957"/>
</kw>
<kw name="Append To List" owner="Collections">
<arg>${selected_docs}</arg>
<arg>${doc_path}</arg>
<doc>Adds ``values`` to the end of ``list``.</doc>
<status status="PASS" start="2025-06-22T23:33:20.653756" elapsed="0.000000"/>
</kw>
<var name="${index}">1</var>
<status status="PASS" start="2025-06-22T23:33:20.641817" elapsed="0.011939"/>
</iter>
<var>${index}</var>
<value>${num_files}</value>
<status status="PASS" start="2025-06-22T23:33:20.630848" elapsed="0.022908"/>
</for>
<kw name="Catenate" owner="BuiltIn">
<msg time="2025-06-22T23:33:20.662179" level="INFO">${doc_paths} = C:\Users\Diogo\Documents\GitHub\ProjetoCollector\robot_populate\test_files\documents\Relatorio_de_fabrico.docx
C:\Users\Diogo\Documents\GitHub\ProjetoCollector\robot_populate\test_files\documents\Esta...</msg>
<var>${doc_paths}</var>
<arg>SEPARATOR=\n</arg>
<arg>@{selected_docs}</arg>
<doc>Catenates the given items together and returns the resulted string.</doc>
<status status="PASS" start="2025-06-22T23:33:20.660176" elapsed="0.003254"/>
</kw>
<kw name="Choose File" owner="SeleniumLibrary">
<msg time="2025-06-22T23:33:20.672472" level="INFO">Sending C:\Users\Diogo\Documents\GitHub\ProjetoCollector\robot_populate\test_files\documents\Relatorio_de_fabrico.docx
C:\Users\Diogo\Documents\GitHub\ProjetoCollector\robot_populate\test_files\documents\EstateFind_Glassware_Set02.doc to browser.</msg>
<arg>id=documents</arg>
<arg>${doc_paths}</arg>
<doc>Inputs the ``file_path`` into the file input field ``locator``.</doc>
<status status="PASS" start="2025-06-22T23:33:20.663430" elapsed="0.071460"/>
</kw>
<status status="PASS" start="2025-06-22T23:33:20.620061" elapsed="0.114829"/>
</kw>
<arg>${upload_docs}</arg>
<arg>Upload Random Documents</arg>
<doc>Runs the given keyword with the given arguments, if ``condition`` is true.</doc>
<status status="PASS" start="2025-06-22T23:33:20.619065" elapsed="0.115825"/>
</kw>
<kw name="Evaluate" owner="BuiltIn">
<msg time="2025-06-22T23:33:20.736885" level="INFO">${random_index} = 2</msg>
<var>${random_index}</var>
<arg>random.randint(0, len(${LINKS}) - 1)</arg>
<arg>modules=random</arg>
<doc>Evaluates the given expression in Python and returns the result.</doc>
<status status="PASS" start="2025-06-22T23:33:20.735888" elapsed="0.001993"/>
</kw>
<kw name="Get From List" owner="Collections">
<msg time="2025-06-22T23:33:20.738880" level="INFO">${links} = https://www.youtube.com/</msg>
<var>${links}</var>
<arg>${LINKS}</arg>
<arg>${random_index}</arg>
<doc>Returns the value specified with an ``index`` from ``list``.</doc>
<status status="PASS" start="2025-06-22T23:33:20.737881" elapsed="0.001995"/>
</kw>
<kw name="Input Text" owner="SeleniumLibrary">
<msg time="2025-06-22T23:33:20.741448" level="INFO">Typing text 'https://www.youtube.com/' into text field 'id=links'.</msg>
<arg>id=links</arg>
<arg>${links}</arg>
<doc>Types the given ``text`` into the text field identified by ``locator``.</doc>
<status status="PASS" start="2025-06-22T23:33:20.739876" elapsed="0.143030"/>
</kw>
<kw name="Evaluate" owner="BuiltIn">
<msg time="2025-06-22T23:33:20.884901" level="INFO">${random_index} = 0</msg>
<var>${random_index}</var>
<arg>random.randint(0, len(${BRANDS}) - 1)</arg>
<arg>modules=random</arg>
<doc>Evaluates the given expression in Python and returns the result.</doc>
<status status="PASS" start="2025-06-22T23:33:20.883905" elapsed="0.001998"/>
</kw>
<kw name="Get From List" owner="Collections">
<msg time="2025-06-22T23:33:20.887893" level="INFO">${brand} = Casio</msg>
<var>${brand}</var>
<arg>${BRANDS}</arg>
<arg>${random_index}</arg>
<doc>Returns the value specified with an ``index`` from ``list``.</doc>
<status status="PASS" start="2025-06-22T23:33:20.885903" elapsed="0.001990"/>
</kw>
<kw name="Input Text" owner="SeleniumLibrary">
<msg time="2025-06-22T23:33:20.889888" level="INFO">Typing text 'Casio' into text field 'id=brand'.</msg>
<arg>id=brand</arg>
<arg>${brand}</arg>
<doc>Types the given ``text`` into the text field identified by ``locator``.</doc>
<status status="PASS" start="2025-06-22T23:33:20.888890" elapsed="0.189960"/>
</kw>
<kw name="Evaluate" owner="BuiltIn">
<msg time="2025-06-22T23:33:21.080844" level="INFO">${random_index} = 3</msg>
<var>${random_index}</var>
<arg>random.randint(0, len(${MODELS}) - 1)</arg>
<arg>modules=random</arg>
<doc>Evaluates the given expression in Python and returns the result.</doc>
<status status="PASS" start="2025-06-22T23:33:21.079847" elapsed="0.001994"/>
</kw>
<kw name="Get From List" owner="Collections">
<msg time="2025-06-22T23:33:21.083837" level="INFO">${model} = Sppa</msg>
<var>${model}</var>
<arg>${MODELS}</arg>
<arg>${random_index}</arg>
<doc>Returns the value specified with an ``index`` from ``list``.</doc>
<status status="PASS" start="2025-06-22T23:33:21.082839" elapsed="0.000998"/>
</kw>
<kw name="Input Text" owner="SeleniumLibrary">
<msg time="2025-06-22T23:33:21.085831" level="INFO">Typing text 'Sppa' into text field 'id=model'.</msg>
<arg>id=model</arg>
<arg>${model}</arg>
<doc>Types the given ``text`` into the text field identified by ``locator``.</doc>
<status status="PASS" start="2025-06-22T23:33:21.084834" elapsed="0.136466"/>
</kw>
<kw name="Evaluate" owner="BuiltIn">
<msg time="2025-06-22T23:33:21.223293" level="INFO">${upload_photos} = True</msg>
<var>${upload_photos}</var>
<arg>random.random() &gt; 0.15</arg>
<arg>modules=random</arg>
<doc>Evaluates the given expression in Python and returns the result.</doc>
<status status="PASS" start="2025-06-22T23:33:21.222296" elapsed="0.000997"/>
</kw>
<kw name="Run Keyword If" owner="BuiltIn">
<kw name="Upload Random Fotos">
<kw name="List Files In Directory" owner="OperatingSystem">
<msg time="2025-06-22T23:33:21.228799" level="INFO" html="true">Listing contents of directory '&lt;a href="file://C:\Users\Diogo\Documents\GitHub\ProjetoCollector\robot_populate\test_files\photos"&gt;C:\Users\Diogo\Documents\GitHub\ProjetoCollector\robot_populate\test_files\photos&lt;/a&gt;'.</msg>
<msg time="2025-06-22T23:33:21.232788" level="INFO">34 files:
aladin_lamp.jpeg
clock.jpeg
gear.jpeg
pexels-1849646-3435213.jpg
pexels-artem-krapivin-2149275329-30559134.jpg
pexels-bruno-almeida-1423946545-26620138.jpg
pexels-chuck-4939929.jpg
pexels-chuck-5231228.jpg
pexels-cottonbro-6053887.jpg
pexels-cottonbro-7609119.jpg
pexels-csongor-kemeny-1815134-3690052.jpg
pexels-dmitry-demidov-515774-3920847.jpg
pexels-doouglasma-15108261.jpg
pexels-dreamypixel-552774.jpg
pexels-emre-atesoglu-278506921-27951178.jpg
pexels-ian-panelo-3199028.jpg
pexels-n-i-e-r-o-s-h-o-t-s-149821-3210711.jpg
pexels-neosiam-595699.jpg
pexels-omertosuun-7454464.jpg
pexels-shovyrahman-177154.jpg
pexels-sudelermii-245055019-12407374.jpg
pexels-tima-miroshnichenko-5710558.jpg
phone.jpeg
photo-1516343951655-b04a58ad521a.avif
photo-1521127574-28faf1a160f9.avif
photo-1521499892833-773a6c6fd0b8.avif
photo-1584988252673-9daf27623d5e.avif
photo-1586015996141-7c2114b2e8fe.avif
photo-1604864708171-b6a408b4cba2.avif
photo-1611718663049-4c39b6b1182e.avif
photo-1663888672547-360e763e4ac7.avif
premium_photo-1682125756282-cd88ba44089c.avif
premium_photo-1716922967226-40f6d88902be.avif
premium_photo.avif</msg>
<msg time="2025-06-22T23:33:21.233786" level="INFO">${photo_files} = ['aladin_lamp.jpeg', 'clock.jpeg', 'gear.jpeg', 'pexels-1849646-3435213.jpg', 'pexels-artem-krapivin-2149275329-30559134.jpg', 'pexels-bruno-almeida-1423946545-26620138.jpg', 'pexels-chuck-4939929.jpg...</msg>
<var>${photo_files}</var>
<arg>${PHOTO_DIR}</arg>
<doc>Wrapper for `List Directory` that returns only files.</doc>
<status status="PASS" start="2025-06-22T23:33:21.226805" elapsed="0.007979"/>
</kw>
<kw name="Evaluate" owner="BuiltIn">
<msg time="2025-06-22T23:33:21.235782" level="INFO">${num_photos} = 2</msg>
<var>${num_photos}</var>
<arg>random.randint(1, 3)</arg>
<arg>modules=random</arg>
<doc>Evaluates the given expression in Python and returns the result.</doc>
<status status="PASS" start="2025-06-22T23:33:21.234784" elapsed="0.001994"/>
</kw>
<kw name="Create List" owner="BuiltIn">
<msg time="2025-06-22T23:33:21.237776" level="INFO">${selected_photos} = []</msg>
<var>${selected_photos}</var>
<doc>Returns a list containing given items.</doc>
<status status="PASS" start="2025-06-22T23:33:21.236778" elapsed="0.001995"/>
</kw>
<for flavor="IN RANGE">
<iter>
<kw name="Evaluate" owner="BuiltIn">
<msg time="2025-06-22T23:33:21.244184" level="INFO">${i} = 9</msg>
<var>${i}</var>
<arg>random.randint(0, len(${photo_files}) - 1)</arg>
<arg>modules=random</arg>
<doc>Evaluates the given expression in Python and returns the result.</doc>
<status status="PASS" start="2025-06-22T23:33:21.240767" elapsed="0.003417"/>
</kw>
<kw name="Get From List" owner="Collections">
<msg time="2025-06-22T23:33:21.246178" level="INFO">${photo_file} = pexels-cottonbro-7609119.jpg</msg>
<var>${photo_file}</var>
<arg>${photo_files}</arg>
<arg>${i}</arg>
<doc>Returns the value specified with an ``index`` from ``list``.</doc>
<status status="PASS" start="2025-06-22T23:33:21.245181" elapsed="0.000997"/>
</kw>
<kw name="Join Path" owner="OperatingSystem">
<msg time="2025-06-22T23:33:21.248172" level="INFO">${photo_path} = C:\Users\Diogo\Documents\GitHub\ProjetoCollector\robot_populate\test_files\photos\pexels-cottonbro-7609119.jpg</msg>
<var>${photo_path}</var>
<arg>${PHOTO_DIR}</arg>
<arg>${photo_file}</arg>
<doc>Joins the given path part(s) to the given base path.</doc>
<status status="PASS" start="2025-06-22T23:33:21.247176" elapsed="0.000996"/>
</kw>
<kw name="Append To List" owner="Collections">
<arg>${selected_photos}</arg>
<arg>${photo_path}</arg>
<doc>Adds ``values`` to the end of ``list``.</doc>
<status status="PASS" start="2025-06-22T23:33:21.249170" elapsed="0.000997"/>
</kw>
<var name="${index}">0</var>
<status status="PASS" start="2025-06-22T23:33:21.239770" elapsed="0.010397"/>
</iter>
<iter>
<kw name="Evaluate" owner="BuiltIn">
<msg time="2025-06-22T23:33:21.253159" level="INFO">${i} = 21</msg>
<var>${i}</var>
<arg>random.randint(0, len(${photo_files}) - 1)</arg>
<arg>modules=random</arg>
<doc>Evaluates the given expression in Python and returns the result.</doc>
<status status="PASS" start="2025-06-22T23:33:21.252162" elapsed="0.000997"/>
</kw>
<kw name="Get From List" owner="Collections">
<msg time="2025-06-22T23:33:21.255154" level="INFO">${photo_file} = pexels-tima-miroshnichenko-5710558.jpg</msg>
<var>${photo_file}</var>
<arg>${photo_files}</arg>
<arg>${i}</arg>
<doc>Returns the value specified with an ``index`` from ``list``.</doc>
<status status="PASS" start="2025-06-22T23:33:21.254157" elapsed="0.001994"/>
</kw>
<kw name="Join Path" owner="OperatingSystem">
<msg time="2025-06-22T23:33:21.260141" level="INFO">${photo_path} = C:\Users\Diogo\Documents\GitHub\ProjetoCollector\robot_populate\test_files\photos\pexels-tima-miroshnichenko-5710558.jpg</msg>
<var>${photo_path}</var>
<arg>${PHOTO_DIR}</arg>
<arg>${photo_file}</arg>
<doc>Joins the given path part(s) to the given base path.</doc>
<status status="PASS" start="2025-06-22T23:33:21.256151" elapsed="0.006725"/>
</kw>
<kw name="Append To List" owner="Collections">
<arg>${selected_photos}</arg>
<arg>${photo_path}</arg>
<doc>Adds ``values`` to the end of ``list``.</doc>
<status status="PASS" start="2025-06-22T23:33:21.263874" elapsed="0.001996"/>
</kw>
<var name="${index}">1</var>
<status status="PASS" start="2025-06-22T23:33:21.251164" elapsed="0.016713"/>
</iter>
<var>${index}</var>
<value>${num_photos}</value>
<status status="PASS" start="2025-06-22T23:33:21.238773" elapsed="0.029104"/>
</for>
<kw name="Catenate" owner="BuiltIn">
<msg time="2025-06-22T23:33:21.269859" level="INFO">${photo_paths} = C:\Users\Diogo\Documents\GitHub\ProjetoCollector\robot_populate\test_files\photos\pexels-cottonbro-7609119.jpg
C:\Users\Diogo\Documents\GitHub\ProjetoCollector\robot_populate\test_files\photos\pexels-...</msg>
<var>${photo_paths}</var>
<arg>SEPARATOR=\n</arg>
<arg>@{selected_photos}</arg>
<doc>Catenates the given items together and returns the resulted string.</doc>
<status status="PASS" start="2025-06-22T23:33:21.268861" elapsed="0.000998"/>
</kw>
<kw name="Choose File" owner="SeleniumLibrary">
<msg time="2025-06-22T23:33:21.271853" level="INFO">Sending C:\Users\Diogo\Documents\GitHub\ProjetoCollector\robot_populate\test_files\photos\pexels-cottonbro-7609119.jpg
C:\Users\Diogo\Documents\GitHub\ProjetoCollector\robot_populate\test_files\photos\pexels-tima-miroshnichenko-5710558.jpg to browser.</msg>
<arg>id=photos</arg>
<arg>${photo_paths}</arg>
<doc>Inputs the ``file_path`` into the file input field ``locator``.</doc>
<status status="PASS" start="2025-06-22T23:33:21.270858" elapsed="0.062106"/>
</kw>
<status status="PASS" start="2025-06-22T23:33:21.225808" elapsed="0.115656"/>
</kw>
<arg>${upload_photos}</arg>
<arg>Upload Random Fotos</arg>
<doc>Runs the given keyword with the given arguments, if ``condition`` is true.</doc>
<status status="PASS" start="2025-06-22T23:33:21.223293" elapsed="0.119174"/>
</kw>
<kw name="Evaluate" owner="BuiltIn">
<msg time="2025-06-22T23:33:21.345593" level="INFO">${random_index} = 1</msg>
<var>${random_index}</var>
<arg>random.randint(0, len(${VISIBILITY}) - 1)</arg>
<arg>modules=random</arg>
<doc>Evaluates the given expression in Python and returns the result.</doc>
<status status="PASS" start="2025-06-22T23:33:21.344457" elapsed="0.001136"/>
</kw>
<kw name="Get From List" owner="Collections">
<msg time="2025-06-22T23:33:21.345593" level="INFO">${visibility} = private</msg>
<var>${visibility}</var>
<arg>${VISIBILITY}</arg>
<arg>${random_index}</arg>
<doc>Returns the value specified with an ``index`` from ``list``.</doc>
<status status="PASS" start="2025-06-22T23:33:21.345593" elapsed="0.000000"/>
</kw>
<kw name="Select From List By Value" owner="SeleniumLibrary">
<msg time="2025-06-22T23:33:21.345593" level="INFO">Selecting options from selection list 'id=type' by value private.</msg>
<arg>id=type</arg>
<arg>${visibility}</arg>
<doc>Selects options from selection list ``locator`` by ``values``.</doc>
<status status="PASS" start="2025-06-22T23:33:21.345593" elapsed="0.112454"/>
</kw>
<kw name="Scroll Element Into View" owner="SeleniumLibrary">
<arg>//*[@id="addItemForm"]/button</arg>
<doc>Scrolls the element identified by ``locator`` into view.</doc>
<status status="PASS" start="2025-06-22T23:33:21.459044" elapsed="0.307630"/>
</kw>
<kw name="Sleep" owner="BuiltIn">
<msg time="2025-06-22T23:33:22.775057" level="INFO">Slept 1 second.</msg>
<arg>1</arg>
<doc>Pauses the test executed for the given time.</doc>
<status status="PASS" start="2025-06-22T23:33:21.767673" elapsed="1.007384"/>
</kw>
<kw name="Click Button" owner="SeleniumLibrary">
<msg time="2025-06-22T23:33:22.777052" level="INFO">Clicking button '//*[@id="addItemForm"]/button'.</msg>
<arg>//*[@id="addItemForm"]/button</arg>
<doc>Clicks the button identified by ``locator``.</doc>
<status status="PASS" start="2025-06-22T23:33:22.776053" elapsed="0.126931"/>
</kw>
<kw name="Log To Console" owner="BuiltIn">
<arg>'${name}, ${description}, ${random_date}, ${cost}, ${origin}, ${upload_docs},${links}, ${brand}, ${model}, ${upload_photos}, ${visibility}'</arg>
<doc>Logs the given message to the console.</doc>
<status status="PASS" start="2025-06-22T23:33:22.903982" elapsed="0.007048"/>
</kw>
<kw name="Sleep" owner="BuiltIn">
<msg time="2025-06-22T23:33:42.925380" level="INFO">Slept 20 seconds.</msg>
<arg>20</arg>
<doc>Pauses the test executed for the given time.</doc>
<status status="PASS" start="2025-06-22T23:33:22.911030" elapsed="20.015349"/>
</kw>
<status status="PASS" start="2025-06-22T23:33:19.219720" elapsed="23.706659"/>
</kw>
<kw name="Evaluate" owner="BuiltIn">
<msg time="2025-06-22T23:33:42.928371" level="INFO">${count_item} = 10</msg>
<var>${count_item}</var>
<arg>${count_item}+1</arg>
<doc>Evaluates the given expression in Python and returns the result.</doc>
<status status="PASS" start="2025-06-22T23:33:42.927374" elapsed="0.000997"/>
</kw>
<kw name="Log To Console" owner="BuiltIn">
<arg>${count_item}</arg>
<doc>Logs the given message to the console.</doc>
<status status="PASS" start="2025-06-22T23:33:42.929369" elapsed="0.001995"/>
</kw>
<kw name="Log To Console" owner="BuiltIn">
<arg>------------------------------</arg>
<doc>Logs the given message to the console.</doc>
<status status="PASS" start="2025-06-22T23:33:42.932363" elapsed="0.000995"/>
</kw>
<var name="${index}">9</var>
<status status="PASS" start="2025-06-22T23:33:18.641202" elapsed="24.292156"/>
</iter>
<var>${index}</var>
<value>${ITEMS_NUMBER}</value>
<status status="PASS" start="2025-06-22T23:29:49.086472" elapsed="233.846886"/>
</for>
<kw name="Close Browser" owner="SeleniumLibrary" type="TEARDOWN">
<doc>Closes the current browser.</doc>
<status status="PASS" start="2025-06-22T23:33:42.934565" elapsed="3.108445"/>
</kw>
<status status="PASS" start="2025-06-22T23:29:46.409472" elapsed="239.634539"/>
</test>
<status status="PASS" start="2025-06-22T23:29:46.134625" elapsed="239.911384"/>
</suite>
<status status="PASS" start="2025-06-22T23:29:46.124953" elapsed="239.924045"/>
</suite>
<status status="PASS" start="2025-06-22T23:29:46.090536" elapsed="239.964445"/>
</suite>
<statistics>
<total>
<stat pass="1" fail="0" skip="0">All Tests</stat>
</total>
<tag>
</tag>
<suite>
<stat pass="1" fail="0" skip="0" id="s1" name="ProjetoCollector">ProjetoCollector</stat>
<stat pass="1" fail="0" skip="0" id="s1-s1" name="Robot Populate">ProjetoCollector.Robot Populate</stat>
<stat pass="1" fail="0" skip="0" id="s1-s1-s1" name="Insert Data">ProjetoCollector.Robot Populate.Insert Data</stat>
</suite>
</statistics>
<errors>
</errors>
</robot>
