<?xml version="1.0" encoding="UTF-8"?>
<robot generator="Robot 7.1.1 (Python 3.10.5 on win32)" generated="2025-07-01T15:10:57.384834" rpa="false" schemaversion="5">
<suite id="s1" name="ProjetoCollector" source="C:\Users\Diogo\Documents\GitHub\ProjetoCollector">
<suite id="s1-s1" name="Robot Populate" source="C:\Users\Diogo\Documents\GitHub\ProjetoCollector\robot_populate">
<suite id="s1-s1-s1" name="Insert Data" source="C:\Users\Diogo\Documents\GitHub\ProjetoCollector\robot_populate\insert_data.robot">
<test id="s1-s1-s1-t1" name="Insert Items BD" line="36">
<kw name="Set Selenium Timeout" owner="SeleniumLibrary">
<arg>20 seconds</arg>
<doc>Sets the timeout that is used by various keywords.</doc>
<status status="PASS" start="2025-07-01T15:10:57.761752" elapsed="0.000000"/>
</kw>
<kw name="Open website collector">
<kw name="Open Browser" owner="SeleniumLibrary">
<msg time="2025-07-01T15:10:57.761752" level="INFO">Opening browser 'chrome' to base url 'http://localhost:3000'.</msg>
<arg>${LOCALHOST_URL}</arg>
<arg>${BROWSER}</arg>
<doc>Opens a new browser instance to the optional ``url``.</doc>
<status status="PASS" start="2025-07-01T15:10:57.761752" elapsed="2.039452"/>
</kw>
<kw name="Click Element" owner="SeleniumLibrary">
<msg time="2025-07-01T15:10:59.802618" level="INFO">Clicking element 'loginBtn'.</msg>
<arg>loginBtn</arg>
<doc>Click the element identified by ``locator``.</doc>
<status status="PASS" start="2025-07-01T15:10:59.801204" elapsed="0.196165"/>
</kw>
<kw name="Wait Until Element Is Visible" owner="SeleniumLibrary">
<arg>username</arg>
<doc>Waits until the element ``locator`` is visible.</doc>
<status status="PASS" start="2025-07-01T15:10:59.998769" elapsed="0.050052"/>
</kw>
<kw name="Input Text" owner="SeleniumLibrary">
<msg time="2025-07-01T15:11:00.050089" level="INFO">Typing text 'Diogo' into text field 'username'.</msg>
<arg>username</arg>
<arg>Diogo</arg>
<doc>Types the given ``text`` into the text field identified by ``locator``.</doc>
<status status="PASS" start="2025-07-01T15:11:00.048821" elapsed="0.132092"/>
</kw>
<kw name="Input Password" owner="SeleniumLibrary">
<msg time="2025-07-01T15:11:00.182357" level="INFO">Typing password into text field 'password'.</msg>
<msg time="2025-07-01T15:11:00.219553" level="INFO">Temporally setting log level to: NONE</msg>
<arg>password</arg>
<arg>Password.12</arg>
<doc>Types the given password into the text field identified by ``locator``.</doc>
<status status="PASS" start="2025-07-01T15:11:00.181333" elapsed="0.091390"/>
</kw>
<kw name="Click Button" owner="SeleniumLibrary">
<msg time="2025-07-01T15:11:00.280287" level="INFO">Clicking button '//form/button'.</msg>
<arg>//form/button</arg>
<doc>Clicks the button identified by ``locator``.</doc>
<status status="PASS" start="2025-07-01T15:11:00.272723" elapsed="0.082837"/>
</kw>
<status status="PASS" start="2025-07-01T15:10:57.761752" elapsed="2.594497"/>
</kw>
<for flavor="IN RANGE">
<iter>
<kw name="Change Tab">
<kw name="Wait Until Element Is Visible" owner="SeleniumLibrary">
<arg>${CHANGE_TAB}</arg>
<doc>Waits until the element ``locator`` is visible.</doc>
<status status="PASS" start="2025-07-01T15:11:00.359599" elapsed="0.239243"/>
</kw>
<kw name="Click Element" owner="SeleniumLibrary">
<msg time="2025-07-01T15:11:00.599837" level="INFO">Clicking element 'addItemTab'.</msg>
<arg>${CHANGE_TAB}</arg>
<doc>Click the element identified by ``locator``.</doc>
<status status="PASS" start="2025-07-01T15:11:00.599595" elapsed="0.238749"/>
</kw>
<arg>${ADD_ITEM_TAB}</arg>
<status status="PASS" start="2025-07-01T15:11:00.358601" elapsed="0.479743"/>
</kw>
<kw name="Insert Data">
<kw name="Wait Until Element Is Visible" owner="SeleniumLibrary">
<arg>name</arg>
<arg>timeout=120</arg>
<doc>Waits until the element ``locator`` is visible.</doc>
<status status="PASS" start="2025-07-01T15:11:00.841335" elapsed="0.054565"/>
</kw>
<kw name="Evaluate" owner="BuiltIn">
<msg time="2025-07-01T15:11:00.897893" level="INFO">${random_index} = 1</msg>
<var>${random_index}</var>
<arg>random.randint(0, len(${WORDS}) - 1)</arg>
<arg>modules=random</arg>
<doc>Evaluates the given expression in Python and returns the result.</doc>
<status status="PASS" start="2025-07-01T15:11:00.897217" elapsed="0.001674"/>
</kw>
<kw name="Get From List" owner="Collections">
<msg time="2025-07-01T15:11:00.900887" level="INFO">${name} = Relogio</msg>
<var>${name}</var>
<arg>${WORDS}</arg>
<arg>${random_index}</arg>
<doc>Returns the value specified with an ``index`` from ``list``.</doc>
<status status="PASS" start="2025-07-01T15:11:00.898891" elapsed="0.001996"/>
</kw>
<kw name="Input Text" owner="SeleniumLibrary">
<msg time="2025-07-01T15:11:00.902881" level="INFO">Typing text 'Relogio' into text field 'id=name'.</msg>
<arg>id=name</arg>
<arg>${name}</arg>
<doc>Types the given ``text`` into the text field identified by ``locator``.</doc>
<status status="PASS" start="2025-07-01T15:11:00.901884" elapsed="0.093202"/>
</kw>
<kw name="Evaluate" owner="BuiltIn">
<msg time="2025-07-01T15:11:00.997910" level="INFO">${random_index} = 1</msg>
<var>${random_index}</var>
<arg>random.randint(0, len(${DESCRIPTIONS}) - 1)</arg>
<arg>modules=random</arg>
<doc>Evaluates the given expression in Python and returns the result.</doc>
<status status="PASS" start="2025-07-01T15:11:00.996084" elapsed="0.001826"/>
</kw>
<kw name="Get From List" owner="Collections">
<msg time="2025-07-01T15:11:00.999715" level="INFO">${description} = Funciona bem mas não deve ser constantemente usado. Guardar em local escuro</msg>
<var>${description}</var>
<arg>${DESCRIPTIONS}</arg>
<arg>${random_index}</arg>
<doc>Returns the value specified with an ``index`` from ``list``.</doc>
<status status="PASS" start="2025-07-01T15:11:00.997910" elapsed="0.002807"/>
</kw>
<kw name="Input Text" owner="SeleniumLibrary">
<msg time="2025-07-01T15:11:01.001651" level="INFO">Typing text 'Funciona bem mas não deve ser constantemente usado. Guardar em local escuro' into text field 'id=description'.</msg>
<arg>id=description</arg>
<arg>${description}</arg>
<doc>Types the given ``text`` into the text field identified by ``locator``.</doc>
<status status="PASS" start="2025-07-01T15:11:01.001651" elapsed="0.260785"/>
</kw>
<kw name="Evaluate" owner="BuiltIn">
<msg time="2025-07-01T15:11:01.264348" level="INFO">${random_date} = 18-06-1843</msg>
<var>${random_date}</var>
<arg>(__import__('datetime').date(random.randint(1800, 2024), random.randint(1, 12), random.randint(1, 28))).strftime('%d-%m-%Y')</arg>
<arg>modules=random</arg>
<doc>Evaluates the given expression in Python and returns the result.</doc>
<status status="PASS" start="2025-07-01T15:11:01.263471" elapsed="0.000877"/>
</kw>
<kw name="Input Text" owner="SeleniumLibrary">
<msg time="2025-07-01T15:11:01.265345" level="INFO">Typing text '18-06-1843' into text field 'id=acquisition_date'.</msg>
<arg>id=acquisition_date</arg>
<arg>${random_date}</arg>
<doc>Types the given ``text`` into the text field identified by ``locator``.</doc>
<status status="PASS" start="2025-07-01T15:11:01.265345" elapsed="0.077127"/>
</kw>
<kw name="Evaluate" owner="BuiltIn">
<msg time="2025-07-01T15:11:01.343472" level="INFO">${random_index} = 1</msg>
<var>${random_index}</var>
<arg>random.randint(0, len(${VALUES}) - 1)</arg>
<arg>modules=random</arg>
<doc>Evaluates the given expression in Python and returns the result.</doc>
<status status="PASS" start="2025-07-01T15:11:01.342472" elapsed="0.001000"/>
</kw>
<kw name="Get From List" owner="Collections">
<msg time="2025-07-01T15:11:01.345346" level="INFO">${cost} = 30,40</msg>
<var>${cost}</var>
<arg>${VALUES}</arg>
<arg>${random_index}</arg>
<doc>Returns the value specified with an ``index`` from ``list``.</doc>
<status status="PASS" start="2025-07-01T15:11:01.343472" elapsed="0.003139"/>
</kw>
<kw name="Input Text" owner="SeleniumLibrary">
<msg time="2025-07-01T15:11:01.347610" level="INFO">Typing text '30,40' into text field 'id=cost'.</msg>
<arg>id=cost</arg>
<arg>${cost}</arg>
<doc>Types the given ``text`` into the text field identified by ``locator``.</doc>
<status status="PASS" start="2025-07-01T15:11:01.347610" elapsed="0.086600"/>
</kw>
<kw name="Evaluate" owner="BuiltIn">
<msg time="2025-07-01T15:11:01.435208" level="INFO">${random_index} = 4</msg>
<var>${random_index}</var>
<arg>random.randint(0, len(${ORIGINS}) - 1)</arg>
<arg>modules=random</arg>
<doc>Evaluates the given expression in Python and returns the result.</doc>
<status status="PASS" start="2025-07-01T15:11:01.434210" elapsed="0.001994"/>
</kw>
<kw name="Get From List" owner="Collections">
<msg time="2025-07-01T15:11:01.437201" level="INFO">${origin} = America</msg>
<var>${origin}</var>
<arg>${ORIGINS}</arg>
<arg>${random_index}</arg>
<doc>Returns the value specified with an ``index`` from ``list``.</doc>
<status status="PASS" start="2025-07-01T15:11:01.436204" elapsed="0.001995"/>
</kw>
<kw name="Input Text" owner="SeleniumLibrary">
<msg time="2025-07-01T15:11:01.439196" level="INFO">Typing text 'America' into text field 'id=origin'.</msg>
<arg>id=origin</arg>
<arg>${origin}</arg>
<doc>Types the given ``text`` into the text field identified by ``locator``.</doc>
<status status="PASS" start="2025-07-01T15:11:01.438199" elapsed="0.094676"/>
</kw>
<kw name="Evaluate" owner="BuiltIn">
<msg time="2025-07-01T15:11:01.532875" level="INFO">${upload_docs} = True</msg>
<var>${upload_docs}</var>
<arg>random.random() &gt; 0.15</arg>
<arg>modules=random</arg>
<doc>Evaluates the given expression in Python and returns the result.</doc>
<status status="PASS" start="2025-07-01T15:11:01.532875" elapsed="0.000000"/>
</kw>
<kw name="Run Keyword If" owner="BuiltIn">
<kw name="Upload Random Documents">
<kw name="List Files In Directory" owner="OperatingSystem">
<msg time="2025-07-01T15:11:01.537739" level="INFO" html="true">Listing contents of directory '&lt;a href="file://C:\Users\Diogo\Documents\GitHub\ProjetoCollector\robot_populate\test_files\documents"&gt;C:\Users\Diogo\Documents\GitHub\ProjetoCollector\robot_populate\test_files\documents&lt;/a&gt;'.</msg>
<msg time="2025-07-01T15:11:01.539255" level="INFO">16 files:
Antique_Chair_Carved_Walnut.docx
CollectorsNote_SilverSpoon1888.txt
Comprovativo de compra.pdf
CurioShelf_Inventory_04.csv
EstateFind_Glassware_Set02.doc
FrenchClock_Bronze_1890.pdf
Heirloom_Jewelry_Catalog_01.pdf
Manual_instruções_mesa.pdf
Mesa grande.txt
Relatorio_de_fabrico.docx
RetroRadio_German1950.mp3
Vintage_TeaSet_England1922.xlsx
excel.xls
pdf.pdf
texto.txt
word.docx</msg>
<msg time="2025-07-01T15:11:01.539255" level="INFO">${doc_files} = ['Antique_Chair_Carved_Walnut.docx', 'CollectorsNote_SilverSpoon1888.txt', 'Comprovativo de compra.pdf', 'CurioShelf_Inventory_04.csv', 'EstateFind_Glassware_Set02.doc', 'FrenchClock_Bronze_1890.pdf',...</msg>
<var>${doc_files}</var>
<arg>${DOC_DIR}</arg>
<doc>Wrapper for `List Directory` that returns only files.</doc>
<status status="PASS" start="2025-07-01T15:11:01.536740" elapsed="0.002515"/>
</kw>
<kw name="Evaluate" owner="BuiltIn">
<msg time="2025-07-01T15:11:01.539255" level="INFO">${num_files} = 3</msg>
<var>${num_files}</var>
<arg>random.randint(1, 3)</arg>
<arg>modules=random</arg>
<doc>Evaluates the given expression in Python and returns the result.</doc>
<status status="PASS" start="2025-07-01T15:11:01.539255" elapsed="0.000000"/>
</kw>
<kw name="Create List" owner="BuiltIn">
<msg time="2025-07-01T15:11:01.539255" level="INFO">${selected_docs} = []</msg>
<var>${selected_docs}</var>
<doc>Returns a list containing given items.</doc>
<status status="PASS" start="2025-07-01T15:11:01.539255" elapsed="0.000000"/>
</kw>
<for flavor="IN RANGE">
<iter>
<kw name="Evaluate" owner="BuiltIn">
<msg time="2025-07-01T15:11:01.547944" level="INFO">${i} = 8</msg>
<var>${i}</var>
<arg>random.randint(0, len(${doc_files}) - 1)</arg>
<arg>modules=random</arg>
<doc>Evaluates the given expression in Python and returns the result.</doc>
<status status="PASS" start="2025-07-01T15:11:01.546674" elapsed="0.001270"/>
</kw>
<kw name="Get From List" owner="Collections">
<msg time="2025-07-01T15:11:01.549355" level="INFO">${doc_file} = Mesa grande.txt</msg>
<var>${doc_file}</var>
<arg>${doc_files}</arg>
<arg>${i}</arg>
<doc>Returns the value specified with an ``index`` from ``list``.</doc>
<status status="PASS" start="2025-07-01T15:11:01.548943" elapsed="0.000997"/>
</kw>
<kw name="Join Path" owner="OperatingSystem">
<msg time="2025-07-01T15:11:01.551384" level="INFO">${doc_path} = C:\Users\Diogo\Documents\GitHub\ProjetoCollector\robot_populate\test_files\documents\Mesa grande.txt</msg>
<var>${doc_path}</var>
<arg>${DOC_DIR}</arg>
<arg>${doc_file}</arg>
<doc>Joins the given path part(s) to the given base path.</doc>
<status status="PASS" start="2025-07-01T15:11:01.549940" elapsed="0.001995"/>
</kw>
<kw name="Append To List" owner="Collections">
<arg>${selected_docs}</arg>
<arg>${doc_path}</arg>
<doc>Adds ``values`` to the end of ``list``.</doc>
<status status="PASS" start="2025-07-01T15:11:01.551935" elapsed="0.001003"/>
</kw>
<var name="${index}">0</var>
<status status="PASS" start="2025-07-01T15:11:01.539255" elapsed="0.013683"/>
</iter>
<iter>
<kw name="Evaluate" owner="BuiltIn">
<msg time="2025-07-01T15:11:01.554927" level="INFO">${i} = 9</msg>
<var>${i}</var>
<arg>random.randint(0, len(${doc_files}) - 1)</arg>
<arg>modules=random</arg>
<doc>Evaluates the given expression in Python and returns the result.</doc>
<status status="PASS" start="2025-07-01T15:11:01.553929" elapsed="0.000998"/>
</kw>
<kw name="Get From List" owner="Collections">
<msg time="2025-07-01T15:11:01.556922" level="INFO">${doc_file} = Relatorio_de_fabrico.docx</msg>
<var>${doc_file}</var>
<arg>${doc_files}</arg>
<arg>${i}</arg>
<doc>Returns the value specified with an ``index`` from ``list``.</doc>
<status status="PASS" start="2025-07-01T15:11:01.555925" elapsed="0.000997"/>
</kw>
<kw name="Join Path" owner="OperatingSystem">
<msg time="2025-07-01T15:11:01.557919" level="INFO">${doc_path} = C:\Users\Diogo\Documents\GitHub\ProjetoCollector\robot_populate\test_files\documents\Relatorio_de_fabrico.docx</msg>
<var>${doc_path}</var>
<arg>${DOC_DIR}</arg>
<arg>${doc_file}</arg>
<doc>Joins the given path part(s) to the given base path.</doc>
<status status="PASS" start="2025-07-01T15:11:01.557919" elapsed="0.001000"/>
</kw>
<kw name="Append To List" owner="Collections">
<arg>${selected_docs}</arg>
<arg>${doc_path}</arg>
<doc>Adds ``values`` to the end of ``list``.</doc>
<status status="PASS" start="2025-07-01T15:11:01.558919" elapsed="0.000993"/>
</kw>
<var name="${index}">1</var>
<status status="PASS" start="2025-07-01T15:11:01.552938" elapsed="0.006974"/>
</iter>
<iter>
<kw name="Evaluate" owner="BuiltIn">
<msg time="2025-07-01T15:11:01.562905" level="INFO">${i} = 0</msg>
<var>${i}</var>
<arg>random.randint(0, len(${doc_files}) - 1)</arg>
<arg>modules=random</arg>
<doc>Evaluates the given expression in Python and returns the result.</doc>
<status status="PASS" start="2025-07-01T15:11:01.560918" elapsed="0.003055"/>
</kw>
<kw name="Get From List" owner="Collections">
<msg time="2025-07-01T15:11:01.566935" level="INFO">${doc_file} = Antique_Chair_Carved_Walnut.docx</msg>
<var>${doc_file}</var>
<arg>${doc_files}</arg>
<arg>${i}</arg>
<doc>Returns the value specified with an ``index`` from ``list``.</doc>
<status status="PASS" start="2025-07-01T15:11:01.564658" elapsed="0.003071"/>
</kw>
<kw name="Join Path" owner="OperatingSystem">
<msg time="2025-07-01T15:11:01.569912" level="INFO">${doc_path} = C:\Users\Diogo\Documents\GitHub\ProjetoCollector\robot_populate\test_files\documents\Antique_Chair_Carved_Walnut.docx</msg>
<var>${doc_path}</var>
<arg>${DOC_DIR}</arg>
<arg>${doc_file}</arg>
<doc>Joins the given path part(s) to the given base path.</doc>
<status status="PASS" start="2025-07-01T15:11:01.567729" elapsed="0.002183"/>
</kw>
<kw name="Append To List" owner="Collections">
<arg>${selected_docs}</arg>
<arg>${doc_path}</arg>
<doc>Adds ``values`` to the end of ``list``.</doc>
<status status="PASS" start="2025-07-01T15:11:01.569912" elapsed="0.000000"/>
</kw>
<var name="${index}">2</var>
<status status="PASS" start="2025-07-01T15:11:01.560918" elapsed="0.008994"/>
</iter>
<var>${index}</var>
<value>${num_files}</value>
<status status="PASS" start="2025-07-01T15:11:01.539255" elapsed="0.030657"/>
</for>
<kw name="Catenate" owner="BuiltIn">
<msg time="2025-07-01T15:11:01.569912" level="INFO">${doc_paths} = C:\Users\Diogo\Documents\GitHub\ProjetoCollector\robot_populate\test_files\documents\Mesa grande.txt
C:\Users\Diogo\Documents\GitHub\ProjetoCollector\robot_populate\test_files\documents\Relatorio_de_f...</msg>
<var>${doc_paths}</var>
<arg>SEPARATOR=\n</arg>
<arg>@{selected_docs}</arg>
<doc>Catenates the given items together and returns the resulted string.</doc>
<status status="PASS" start="2025-07-01T15:11:01.569912" elapsed="0.000000"/>
</kw>
<kw name="Choose File" owner="SeleniumLibrary">
<msg time="2025-07-01T15:11:01.569912" level="INFO">Sending C:\Users\Diogo\Documents\GitHub\ProjetoCollector\robot_populate\test_files\documents\Mesa grande.txt
C:\Users\Diogo\Documents\GitHub\ProjetoCollector\robot_populate\test_files\documents\Relatorio_de_fabrico.docx
C:\Users\Diogo\Documents\GitHub\ProjetoCollector\robot_populate\test_files\documents\Antique_Chair_Carved_Walnut.docx to browser.</msg>
<arg>id=documents</arg>
<arg>${doc_paths}</arg>
<doc>Inputs the ``file_path`` into the file input field ``locator``.</doc>
<status status="PASS" start="2025-07-01T15:11:01.569912" elapsed="0.048904"/>
</kw>
<status status="PASS" start="2025-07-01T15:11:01.535918" elapsed="0.082898"/>
</kw>
<arg>${upload_docs}</arg>
<arg>Upload Random Documents</arg>
<doc>Runs the given keyword with the given arguments, if ``condition`` is true.</doc>
<status status="PASS" start="2025-07-01T15:11:01.532875" elapsed="0.085941"/>
</kw>
<kw name="Evaluate" owner="BuiltIn">
<msg time="2025-07-01T15:11:01.618816" level="INFO">${random_index} = 0</msg>
<var>${random_index}</var>
<arg>random.randint(0, len(${LINKS}) - 1)</arg>
<arg>modules=random</arg>
<doc>Evaluates the given expression in Python and returns the result.</doc>
<status status="PASS" start="2025-07-01T15:11:01.618816" elapsed="0.000000"/>
</kw>
<kw name="Get From List" owner="Collections">
<msg time="2025-07-01T15:11:01.618816" level="INFO">${links} = https://stackoverflow.com/questions</msg>
<var>${links}</var>
<arg>${LINKS}</arg>
<arg>${random_index}</arg>
<doc>Returns the value specified with an ``index`` from ``list``.</doc>
<status status="PASS" start="2025-07-01T15:11:01.618816" elapsed="0.000000"/>
</kw>
<kw name="Input Text" owner="SeleniumLibrary">
<msg time="2025-07-01T15:11:01.618816" level="INFO">Typing text 'https://stackoverflow.com/questions' into text field 'id=links'.</msg>
<arg>id=links</arg>
<arg>${links}</arg>
<doc>Types the given ``text`` into the text field identified by ``locator``.</doc>
<status status="PASS" start="2025-07-01T15:11:01.618816" elapsed="0.127061"/>
</kw>
<kw name="Evaluate" owner="BuiltIn">
<msg time="2025-07-01T15:11:01.747873" level="INFO">${random_index} = 5</msg>
<var>${random_index}</var>
<arg>random.randint(0, len(${BRANDS}) - 1)</arg>
<arg>modules=random</arg>
<doc>Evaluates the given expression in Python and returns the result.</doc>
<status status="PASS" start="2025-07-01T15:11:01.745877" elapsed="0.003091"/>
</kw>
<kw name="Get From List" owner="Collections">
<msg time="2025-07-01T15:11:01.751352" level="INFO">${brand} = Bells</msg>
<var>${brand}</var>
<arg>${BRANDS}</arg>
<arg>${random_index}</arg>
<doc>Returns the value specified with an ``index`` from ``list``.</doc>
<status status="PASS" start="2025-07-01T15:11:01.749868" elapsed="0.002484"/>
</kw>
<kw name="Input Text" owner="SeleniumLibrary">
<msg time="2025-07-01T15:11:01.756019" level="INFO">Typing text 'Bells' into text field 'id=brand'.</msg>
<arg>id=brand</arg>
<arg>${brand}</arg>
<doc>Types the given ``text`` into the text field identified by ``locator``.</doc>
<status status="PASS" start="2025-07-01T15:11:01.753646" elapsed="0.103240"/>
</kw>
<kw name="Evaluate" owner="BuiltIn">
<msg time="2025-07-01T15:11:01.856886" level="INFO">${random_index} = 5</msg>
<var>${random_index}</var>
<arg>random.randint(0, len(${MODELS}) - 1)</arg>
<arg>modules=random</arg>
<doc>Evaluates the given expression in Python and returns the result.</doc>
<status status="PASS" start="2025-07-01T15:11:01.856886" elapsed="0.000000"/>
</kw>
<kw name="Get From List" owner="Collections">
<msg time="2025-07-01T15:11:01.856886" level="INFO">${model} = Gir</msg>
<var>${model}</var>
<arg>${MODELS}</arg>
<arg>${random_index}</arg>
<doc>Returns the value specified with an ``index`` from ``list``.</doc>
<status status="PASS" start="2025-07-01T15:11:01.856886" elapsed="0.000000"/>
</kw>
<kw name="Input Text" owner="SeleniumLibrary">
<msg time="2025-07-01T15:11:01.863784" level="INFO">Typing text 'Gir' into text field 'id=model'.</msg>
<arg>id=model</arg>
<arg>${model}</arg>
<doc>Types the given ``text`` into the text field identified by ``locator``.</doc>
<status status="PASS" start="2025-07-01T15:11:01.862369" elapsed="0.092506"/>
</kw>
<kw name="Evaluate" owner="BuiltIn">
<msg time="2025-07-01T15:11:01.955808" level="INFO">${upload_photos} = True</msg>
<var>${upload_photos}</var>
<arg>random.random() &gt; 0.15</arg>
<arg>modules=random</arg>
<doc>Evaluates the given expression in Python and returns the result.</doc>
<status status="PASS" start="2025-07-01T15:11:01.955808" elapsed="0.000993"/>
</kw>
<kw name="Run Keyword If" owner="BuiltIn">
<kw name="Upload Random Fotos">
<kw name="List Files In Directory" owner="OperatingSystem">
<msg time="2025-07-01T15:11:01.959794" level="INFO" html="true">Listing contents of directory '&lt;a href="file://C:\Users\Diogo\Documents\GitHub\ProjetoCollector\robot_populate\test_files\photos"&gt;C:\Users\Diogo\Documents\GitHub\ProjetoCollector\robot_populate\test_files\photos&lt;/a&gt;'.</msg>
<msg time="2025-07-01T15:11:01.964633" level="INFO">34 files:
aladin_lamp.jpeg
clock.jpeg
gear.jpeg
pexels-1849646-3435213.jpg
pexels-artem-krapivin-2149275329-30559134.jpg
pexels-bruno-almeida-1423946545-26620138.jpg
pexels-chuck-4939929.jpg
pexels-chuck-5231228.jpg
pexels-cottonbro-6053887.jpg
pexels-cottonbro-7609119.jpg
pexels-csongor-kemeny-1815134-3690052.jpg
pexels-dmitry-demidov-515774-3920847.jpg
pexels-doouglasma-15108261.jpg
pexels-dreamypixel-552774.jpg
pexels-emre-atesoglu-278506921-27951178.jpg
pexels-ian-panelo-3199028.jpg
pexels-n-i-e-r-o-s-h-o-t-s-149821-3210711.jpg
pexels-neosiam-595699.jpg
pexels-omertosuun-7454464.jpg
pexels-shovyrahman-177154.jpg
pexels-sudelermii-245055019-12407374.jpg
pexels-tima-miroshnichenko-5710558.jpg
phone.jpeg
photo-1516343951655-b04a58ad521a.avif
photo-1521127574-28faf1a160f9.avif
photo-1521499892833-773a6c6fd0b8.avif
photo-1584988252673-9daf27623d5e.avif
photo-1586015996141-7c2114b2e8fe.avif
photo-1604864708171-b6a408b4cba2.avif
photo-1611718663049-4c39b6b1182e.avif
photo-1663888672547-360e763e4ac7.avif
premium_photo-1682125756282-cd88ba44089c.avif
premium_photo-1716922967226-40f6d88902be.avif
premium_photo.avif</msg>
<msg time="2025-07-01T15:11:01.965228" level="INFO">${photo_files} = ['aladin_lamp.jpeg', 'clock.jpeg', 'gear.jpeg', 'pexels-1849646-3435213.jpg', 'pexels-artem-krapivin-2149275329-30559134.jpg', 'pexels-bruno-almeida-1423946545-26620138.jpg', 'pexels-chuck-4939929.jpg...</msg>
<var>${photo_files}</var>
<arg>${PHOTO_DIR}</arg>
<doc>Wrapper for `List Directory` that returns only files.</doc>
<status status="PASS" start="2025-07-01T15:11:01.959189" elapsed="0.007038"/>
</kw>
<kw name="Evaluate" owner="BuiltIn">
<msg time="2025-07-01T15:11:01.967221" level="INFO">${num_photos} = 3</msg>
<var>${num_photos}</var>
<arg>random.randint(1, 3)</arg>
<arg>modules=random</arg>
<doc>Evaluates the given expression in Python and returns the result.</doc>
<status status="PASS" start="2025-07-01T15:11:01.966507" elapsed="0.001714"/>
</kw>
<kw name="Create List" owner="BuiltIn">
<msg time="2025-07-01T15:11:01.969216" level="INFO">${selected_photos} = []</msg>
<var>${selected_photos}</var>
<doc>Returns a list containing given items.</doc>
<status status="PASS" start="2025-07-01T15:11:01.968221" elapsed="0.001993"/>
</kw>
<for flavor="IN RANGE">
<iter>
<kw name="Evaluate" owner="BuiltIn">
<msg time="2025-07-01T15:11:01.974210" level="INFO">${i} = 17</msg>
<var>${i}</var>
<arg>random.randint(0, len(${photo_files}) - 1)</arg>
<arg>modules=random</arg>
<doc>Evaluates the given expression in Python and returns the result.</doc>
<status status="PASS" start="2025-07-01T15:11:01.972209" elapsed="0.002001"/>
</kw>
<kw name="Get From List" owner="Collections">
<msg time="2025-07-01T15:11:01.975202" level="INFO">${photo_file} = pexels-neosiam-595699.jpg</msg>
<var>${photo_file}</var>
<arg>${photo_files}</arg>
<arg>${i}</arg>
<doc>Returns the value specified with an ``index`` from ``list``.</doc>
<status status="PASS" start="2025-07-01T15:11:01.975202" elapsed="0.000997"/>
</kw>
<kw name="Join Path" owner="OperatingSystem">
<msg time="2025-07-01T15:11:01.977197" level="INFO">${photo_path} = C:\Users\Diogo\Documents\GitHub\ProjetoCollector\robot_populate\test_files\photos\pexels-neosiam-595699.jpg</msg>
<var>${photo_path}</var>
<arg>${PHOTO_DIR}</arg>
<arg>${photo_file}</arg>
<doc>Joins the given path part(s) to the given base path.</doc>
<status status="PASS" start="2025-07-01T15:11:01.976199" elapsed="0.000998"/>
</kw>
<kw name="Append To List" owner="Collections">
<arg>${selected_photos}</arg>
<arg>${photo_path}</arg>
<doc>Adds ``values`` to the end of ``list``.</doc>
<status status="PASS" start="2025-07-01T15:11:01.978192" elapsed="0.001727"/>
</kw>
<var name="${index}">0</var>
<status status="PASS" start="2025-07-01T15:11:01.971210" elapsed="0.008709"/>
</iter>
<iter>
<kw name="Evaluate" owner="BuiltIn">
<msg time="2025-07-01T15:11:01.981914" level="INFO">${i} = 0</msg>
<var>${i}</var>
<arg>random.randint(0, len(${photo_files}) - 1)</arg>
<arg>modules=random</arg>
<doc>Evaluates the given expression in Python and returns the result.</doc>
<status status="PASS" start="2025-07-01T15:11:01.981194" elapsed="0.001721"/>
</kw>
<kw name="Get From List" owner="Collections">
<msg time="2025-07-01T15:11:01.983908" level="INFO">${photo_file} = aladin_lamp.jpeg</msg>
<var>${photo_file}</var>
<arg>${photo_files}</arg>
<arg>${i}</arg>
<doc>Returns the value specified with an ``index`` from ``list``.</doc>
<status status="PASS" start="2025-07-01T15:11:01.982915" elapsed="0.000993"/>
</kw>
<kw name="Join Path" owner="OperatingSystem">
<msg time="2025-07-01T15:11:01.984906" level="INFO">${photo_path} = C:\Users\Diogo\Documents\GitHub\ProjetoCollector\robot_populate\test_files\photos\aladin_lamp.jpeg</msg>
<var>${photo_path}</var>
<arg>${PHOTO_DIR}</arg>
<arg>${photo_file}</arg>
<doc>Joins the given path part(s) to the given base path.</doc>
<status status="PASS" start="2025-07-01T15:11:01.984906" elapsed="0.000997"/>
</kw>
<kw name="Append To List" owner="Collections">
<arg>${selected_photos}</arg>
<arg>${photo_path}</arg>
<doc>Adds ``values`` to the end of ``list``.</doc>
<status status="PASS" start="2025-07-01T15:11:01.985903" elapsed="0.000997"/>
</kw>
<var name="${index}">1</var>
<status status="PASS" start="2025-07-01T15:11:01.981194" elapsed="0.005706"/>
</iter>
<iter>
<kw name="Evaluate" owner="BuiltIn">
<msg time="2025-07-01T15:11:01.988896" level="INFO">${i} = 0</msg>
<var>${i}</var>
<arg>random.randint(0, len(${photo_files}) - 1)</arg>
<arg>modules=random</arg>
<doc>Evaluates the given expression in Python and returns the result.</doc>
<status status="PASS" start="2025-07-01T15:11:01.987899" elapsed="0.000997"/>
</kw>
<kw name="Get From List" owner="Collections">
<msg time="2025-07-01T15:11:01.990901" level="INFO">${photo_file} = aladin_lamp.jpeg</msg>
<var>${photo_file}</var>
<arg>${photo_files}</arg>
<arg>${i}</arg>
<doc>Returns the value specified with an ``index`` from ``list``.</doc>
<status status="PASS" start="2025-07-01T15:11:01.989894" elapsed="0.001995"/>
</kw>
<kw name="Join Path" owner="OperatingSystem">
<msg time="2025-07-01T15:11:01.992884" level="INFO">${photo_path} = C:\Users\Diogo\Documents\GitHub\ProjetoCollector\robot_populate\test_files\photos\aladin_lamp.jpeg</msg>
<var>${photo_path}</var>
<arg>${PHOTO_DIR}</arg>
<arg>${photo_file}</arg>
<doc>Joins the given path part(s) to the given base path.</doc>
<status status="PASS" start="2025-07-01T15:11:01.991889" elapsed="0.000995"/>
</kw>
<kw name="Append To List" owner="Collections">
<arg>${selected_photos}</arg>
<arg>${photo_path}</arg>
<doc>Adds ``values`` to the end of ``list``.</doc>
<status status="PASS" start="2025-07-01T15:11:01.993881" elapsed="0.001048"/>
</kw>
<var name="${index}">2</var>
<status status="PASS" start="2025-07-01T15:11:01.986900" elapsed="0.008029"/>
</iter>
<var>${index}</var>
<value>${num_photos}</value>
<status status="PASS" start="2025-07-01T15:11:01.970214" elapsed="0.026293"/>
</for>
<kw name="Catenate" owner="BuiltIn">
<msg time="2025-07-01T15:11:01.998649" level="INFO">${photo_paths} = C:\Users\Diogo\Documents\GitHub\ProjetoCollector\robot_populate\test_files\photos\pexels-neosiam-595699.jpg
C:\Users\Diogo\Documents\GitHub\ProjetoCollector\robot_populate\test_files\photos\aladin_lam...</msg>
<var>${photo_paths}</var>
<arg>SEPARATOR=\n</arg>
<arg>@{selected_photos}</arg>
<doc>Catenates the given items together and returns the resulted string.</doc>
<status status="PASS" start="2025-07-01T15:11:01.996874" elapsed="0.002773"/>
</kw>
<kw name="Choose File" owner="SeleniumLibrary">
<msg time="2025-07-01T15:11:01.999647" level="INFO">Sending C:\Users\Diogo\Documents\GitHub\ProjetoCollector\robot_populate\test_files\photos\pexels-neosiam-595699.jpg
C:\Users\Diogo\Documents\GitHub\ProjetoCollector\robot_populate\test_files\photos\aladin_lamp.jpeg
C:\Users\Diogo\Documents\GitHub\ProjetoCollector\robot_populate\test_files\photos\aladin_lamp.jpeg to browser.</msg>
<arg>id=photos</arg>
<arg>${photo_paths}</arg>
<doc>Inputs the ``file_path`` into the file input field ``locator``.</doc>
<status status="PASS" start="2025-07-01T15:11:01.999647" elapsed="0.044807"/>
</kw>
<status status="PASS" start="2025-07-01T15:11:01.957798" elapsed="0.086656"/>
</kw>
<arg>${upload_photos}</arg>
<arg>Upload Random Fotos</arg>
<doc>Runs the given keyword with the given arguments, if ``condition`` is true.</doc>
<status status="PASS" start="2025-07-01T15:11:01.956801" elapsed="0.087653"/>
</kw>
<kw name="Evaluate" owner="BuiltIn">
<msg time="2025-07-01T15:11:02.047296" level="INFO">${random_index} = 1</msg>
<var>${random_index}</var>
<arg>random.randint(0, len(${VISIBILITY}) - 1)</arg>
<arg>modules=random</arg>
<doc>Evaluates the given expression in Python and returns the result.</doc>
<status status="PASS" start="2025-07-01T15:11:02.045576" elapsed="0.002921"/>
</kw>
<kw name="Get From List" owner="Collections">
<msg time="2025-07-01T15:11:02.050709" level="INFO">${visibility} = private</msg>
<var>${visibility}</var>
<arg>${VISIBILITY}</arg>
<arg>${random_index}</arg>
<doc>Returns the value specified with an ``index`` from ``list``.</doc>
<status status="PASS" start="2025-07-01T15:11:02.049494" elapsed="0.001215"/>
</kw>
<kw name="Select From List By Value" owner="SeleniumLibrary">
<msg time="2025-07-01T15:11:02.050709" level="INFO">Selecting options from selection list 'id=type' by value private.</msg>
<arg>id=type</arg>
<arg>${visibility}</arg>
<doc>Selects options from selection list ``locator`` by ``values``.</doc>
<status status="PASS" start="2025-07-01T15:11:02.050709" elapsed="0.060416"/>
</kw>
<kw name="Scroll Element Into View" owner="SeleniumLibrary">
<arg>//*[@id="addItemForm"]/button</arg>
<doc>Scrolls the element identified by ``locator`` into view.</doc>
<status status="PASS" start="2025-07-01T15:11:02.111125" elapsed="0.302511"/>
</kw>
<kw name="Sleep" owner="BuiltIn">
<msg time="2025-07-01T15:11:03.428881" level="INFO">Slept 1 second.</msg>
<arg>1</arg>
<doc>Pauses the test executed for the given time.</doc>
<status status="PASS" start="2025-07-01T15:11:02.413636" elapsed="1.016243"/>
</kw>
<kw name="Click Button" owner="SeleniumLibrary">
<msg time="2025-07-01T15:11:03.429879" level="INFO">Clicking button '//*[@id="addItemForm"]/button'.</msg>
<arg>//*[@id="addItemForm"]/button</arg>
<doc>Clicks the button identified by ``locator``.</doc>
<status status="PASS" start="2025-07-01T15:11:03.429879" elapsed="0.088021"/>
</kw>
<kw name="Log To Console" owner="BuiltIn">
<arg>'${name}, ${description}, ${random_date}, ${cost}, ${origin}, ${upload_docs},${links}, ${brand}, ${model}, ${upload_photos}, ${visibility}'</arg>
<doc>Logs the given message to the console.</doc>
<status status="PASS" start="2025-07-01T15:11:03.519020" elapsed="0.001871"/>
</kw>
<kw name="Sleep" owner="BuiltIn">
<msg time="2025-07-01T15:11:23.526688" level="INFO">Slept 20 seconds.</msg>
<arg>20</arg>
<doc>Pauses the test executed for the given time.</doc>
<status status="PASS" start="2025-07-01T15:11:03.520891" elapsed="20.005797"/>
</kw>
<status status="PASS" start="2025-07-01T15:11:00.839404" elapsed="22.687284"/>
</kw>
<kw name="Evaluate" owner="BuiltIn">
<msg time="2025-07-01T15:11:23.527646" level="INFO">${count_item} = 1</msg>
<var>${count_item}</var>
<arg>${count_item}+1</arg>
<doc>Evaluates the given expression in Python and returns the result.</doc>
<status status="PASS" start="2025-07-01T15:11:23.527646" elapsed="0.000998"/>
</kw>
<kw name="Log To Console" owner="BuiltIn">
<arg>${count_item}</arg>
<doc>Logs the given message to the console.</doc>
<status status="PASS" start="2025-07-01T15:11:23.529641" elapsed="0.001091"/>
</kw>
<kw name="Log To Console" owner="BuiltIn">
<arg>------------------------------</arg>
<doc>Logs the given message to the console.</doc>
<status status="PASS" start="2025-07-01T15:11:23.530732" elapsed="0.001252"/>
</kw>
<var name="${index}">0</var>
<status status="PASS" start="2025-07-01T15:11:00.358601" elapsed="23.173383"/>
</iter>
<iter>
<kw name="Change Tab">
<kw name="Wait Until Element Is Visible" owner="SeleniumLibrary">
<msg time="2025-07-01T15:11:23.597365" level="WARN">Keyword 'Capture Page Screenshot' could not be run on failure: Message: invalid session id
Stacktrace:
	GetHandleVerifier [0x0x7ff7f9f6cda5+78885]
	GetHandleVerifier [0x0x7ff7f9f6ce00+78976]
	(No symbol) [0x0x7ff7f9d299fc]
	(No symbol) [0x0x7ff7f9d707df]
	(No symbol) [0x0x7ff7f9da8a52]
	(No symbol) [0x0x7ff7f9da3413]
	(No symbol) [0x0x7ff7f9da24d9]
	(No symbol) [0x0x7ff7f9cf5d55]
	GetHandleVerifier [0x0x7ff7fa244eed+3061101]
	GetHandleVerifier [0x0x7ff7fa23f33d+3037629]
	GetHandleVerifier [0x0x7ff7fa25e592+3165202]
	GetHandleVerifier [0x0x7ff7f9f8730e+186766]
	GetHandleVerifier [0x0x7ff7f9f8eb3f+217535]
	(No symbol) [0x0x7ff7f9cf4dca]
	GetHandleVerifier [0x0x7ff7fa3645e8+4238440]
	BaseThreadInitThunk [0x0x7ffa7bf77374+20]
	RtlUserThreadStart [0x0x7ffa7c0bcc91+33]
</msg>
<msg time="2025-07-01T15:11:23.611888" level="FAIL">InvalidSessionIdException: Message: invalid session id: session deleted as the browser has closed the connection
from disconnected: not connected to DevTools
  (Session info: chrome=137.0.7151.120)
Stacktrace:
	GetHandleVerifier [0x0x7ff7f9f6cda5+78885]
	GetHandleVerifier [0x0x7ff7f9f6ce00+78976]
	(No symbol) [0x0x7ff7f9d29bca]
	(No symbol) [0x0x7ff7f9d159b5]
	(No symbol) [0x0x7ff7f9d3a9ca]
	(No symbol) [0x0x7ff7f9db05e5]
	(No symbol) [0x0x7ff7f9dd0b42]
	(No symbol) [0x0x7ff7f9da8963]
	(No symbol) [0x0x7ff7f9d716b1]
	(No symbol) [0x0x7ff7f9d72443]
	GetHandleVerifier [0x0x7ff7fa244eed+3061101]
	GetHandleVerifier [0x0x7ff7fa23f33d+3037629]
	GetHandleVerifier [0x0x7ff7fa25e592+3165202]
	GetHandleVerifier [0x0x7ff7f9f8730e+186766]
	GetHandleVerifier [0x0x7ff7f9f8eb3f+217535]
	GetHandleVerifier [0x0x7ff7f9f759b4+114740]
	GetHandleVerifier [0x0x7ff7f9f75b69+115177]
	GetHandleVerifier [0x0x7ff7f9f5c368+10728]
	BaseThreadInitThunk [0x0x7ffa7bf77374+20]
	RtlUserThreadStart [0x0x7ffa7c0bcc91+33]
</msg>
<arg>${CHANGE_TAB}</arg>
<doc>Waits until the element ``locator`` is visible.</doc>
<status status="FAIL" start="2025-07-01T15:11:23.533715" elapsed="0.221821">InvalidSessionIdException: Message: invalid session id: session deleted as the browser has closed the connection
from disconnected: not connected to DevTools
  (Session info: chrome=137.0.7151.120)
Stacktrace:
	GetHandleVerifier [0x0x7ff7f9f6cda5+78885]
	GetHandleVerifier [0x0x7ff7f9f6ce00+78976]
	(No symbol) [0x0x7ff7f9d29bca]
	(No symbol) [0x0x7ff7f9d159b5]
	(No symbol) [0x0x7ff7f9d3a9ca]
	(No symbol) [0x0x7ff7f9db05e5]
	(No symbol) [0x0x7ff7f9dd0b42]
	(No symbol) [0x0x7ff7f9da8963]
	(No symbol) [0x0x7ff7f9d716b1]
	(No symbol) [0x0x7ff7f9d72443]
	GetHandleVerifier [0x0x7ff7fa244eed+3061101]
	GetHandleVerifier [0x0x7ff7fa23f33d+3037629]
	GetHandleVerifier [0x0x7ff7fa25e592+3165202]
	GetHandleVerifier [0x0x7ff7f9f8730e+186766]
	GetHandleVerifier [0x0x7ff7f9f8eb3f+217535]
	GetHandleVerifier [0x0x7ff7f9f759b4+114740]
	GetHandleVerifier [0x0x7ff7f9f75b69+115177]
	GetHandleVerifier [0x0x7ff7f9f5c368+10728]
	BaseThreadInitThunk [0x0x7ffa7bf77374+20]
	RtlUserThreadStart [0x0x7ffa7c0bcc91+33]
</status>
</kw>
<kw name="Click Element" owner="SeleniumLibrary">
<arg>${CHANGE_TAB}</arg>
<doc>Click the element identified by ``locator``.</doc>
<status status="NOT RUN" start="2025-07-01T15:11:23.755536" elapsed="0.000000"/>
</kw>
<arg>${ADD_ITEM_TAB}</arg>
<status status="FAIL" start="2025-07-01T15:11:23.532987" elapsed="0.222549">InvalidSessionIdException: Message: invalid session id: session deleted as the browser has closed the connection
from disconnected: not connected to DevTools
  (Session info: chrome=137.0.7151.120)
Stacktrace:
	GetHandleVerifier [0x0x7ff7f9f6cda5+78885]
	GetHandleVerifier [0x0x7ff7f9f6ce00+78976]
	(No symbol) [0x0x7ff7f9d29bca]
	(No symbol) [0x0x7ff7f9d159b5]
	(No symbol) [0x0x7ff7f9d3a9ca]
	(No symbol) [0x0x7ff7f9db05e5]
	(No symbol) [0x0x7ff7f9dd0b42]
	(No symbol) [0x0x7ff7f9da8963]
	(No symbol) [0x0x7ff7f9d716b1]
	(No symbol) [0x0x7ff7f9d72443]
	GetHandleVerifier [0x0x7ff7fa244eed+3061101]
	GetHandleVerifier [0x0x7ff7fa23f33d+3037629]
	GetHandleVerifier [0x0x7ff7fa25e592+3165202]
	GetHandleVerifier [0x0x7ff7f9f8730e+186766]
	GetHandleVerifier [0x0x7ff7f9f8eb3f+217535]
	GetHandleVerifier [0x0x7ff7f9f759b4+114740]
	GetHandleVerifier [0x0x7ff7f9f75b69+115177]
	GetHandleVerifier [0x0x7ff7f9f5c368+10728]
	BaseThreadInitThunk [0x0x7ffa7bf77374+20]
	RtlUserThreadStart [0x0x7ffa7c0bcc91+33]
</status>
</kw>
<kw name="Insert Data">
<status status="NOT RUN" start="2025-07-01T15:11:23.760252" elapsed="0.000516"/>
</kw>
<kw name="Evaluate" owner="BuiltIn">
<var>${count_item}</var>
<arg>${count_item}+1</arg>
<doc>Evaluates the given expression in Python and returns the result.</doc>
<status status="NOT RUN" start="2025-07-01T15:11:23.761762" elapsed="0.000000"/>
</kw>
<kw name="Log To Console" owner="BuiltIn">
<arg>${count_item}</arg>
<doc>Logs the given message to the console.</doc>
<status status="NOT RUN" start="2025-07-01T15:11:23.762758" elapsed="0.000000"/>
</kw>
<kw name="Log To Console" owner="BuiltIn">
<arg>------------------------------</arg>
<doc>Logs the given message to the console.</doc>
<status status="NOT RUN" start="2025-07-01T15:11:23.762758" elapsed="0.000996"/>
</kw>
<var name="${index}">1</var>
<status status="FAIL" start="2025-07-01T15:11:23.531984" elapsed="0.231770">InvalidSessionIdException: Message: invalid session id: session deleted as the browser has closed the connection
from disconnected: not connected to DevTools
  (Session info: chrome=137.0.7151.120)
Stacktrace:
	GetHandleVerifier [0x0x7ff7f9f6cda5+78885]
	GetHandleVerifier [0x0x7ff7f9f6ce00+78976]
	(No symbol) [0x0x7ff7f9d29bca]
	(No symbol) [0x0x7ff7f9d159b5]
	(No symbol) [0x0x7ff7f9d3a9ca]
	(No symbol) [0x0x7ff7f9db05e5]
	(No symbol) [0x0x7ff7f9dd0b42]
	(No symbol) [0x0x7ff7f9da8963]
	(No symbol) [0x0x7ff7f9d716b1]
	(No symbol) [0x0x7ff7f9d72443]
	GetHandleVerifier [0x0x7ff7fa244eed+3061101]
	GetHandleVerifier [0x0x7ff7fa23f33d+3037629]
	GetHandleVerifier [0x0x7ff7fa25e592+3165202]
	GetHandleVerifier [0x0x7ff7f9f8730e+186766]
	GetHandleVerifier [0x0x7ff7f9f8eb3f+217535]
	GetHandleVerifier [0x0x7ff7f9f759b4+114740]
	GetHandleVerifier [0x0x7ff7f9f75b69+115177]
	GetHandleVerifier [0x0x7ff7f9f5c368+10728]
	BaseThreadInitThunk [0x0x7ffa7bf77374+20]
	RtlUserThreadStart [0x0x7ffa7c0bcc91+33]
</status>
</iter>
<var>${index}</var>
<value>${ITEMS_NUMBER}</value>
<status status="FAIL" start="2025-07-01T15:11:00.357246" elapsed="23.406508">InvalidSessionIdException: Message: invalid session id: session deleted as the browser has closed the connection
from disconnected: not connected to DevTools
  (Session info: chrome=137.0.7151.120)
Stacktrace:
	GetHandleVerifier [0x0x7ff7f9f6cda5+78885]
	GetHandleVerifier [0x0x7ff7f9f6ce00+78976]
	(No symbol) [0x0x7ff7f9d29bca]
	(No symbol) [0x0x7ff7f9d159b5]
	(No symbol) [0x0x7ff7f9d3a9ca]
	(No symbol) [0x0x7ff7f9db05e5]
	(No symbol) [0x0x7ff7f9dd0b42]
	(No symbol) [0x0x7ff7f9da8963]
	(No symbol) [0x0x7ff7f9d716b1]
	(No symbol) [0x0x7ff7f9d72443]
	GetHandleVerifier [0x0x7ff7fa244eed+3061101]
	GetHandleVerifier [0x0x7ff7fa23f33d+3037629]
	GetHandleVerifier [0x0x7ff7fa25e592+3165202]
	GetHandleVerifier [0x0x7ff7f9f8730e+186766]
	GetHandleVerifier [0x0x7ff7f9f8eb3f+217535]
	GetHandleVerifier [0x0x7ff7f9f759b4+114740]
	GetHandleVerifier [0x0x7ff7f9f75b69+115177]
	GetHandleVerifier [0x0x7ff7f9f5c368+10728]
	BaseThreadInitThunk [0x0x7ffa7bf77374+20]
	RtlUserThreadStart [0x0x7ffa7c0bcc91+33]
</status>
</for>
<kw name="Close Browser" owner="SeleniumLibrary" type="TEARDOWN">
<doc>Closes the current browser.</doc>
<status status="PASS" start="2025-07-01T15:11:23.765751" elapsed="2.018377"/>
</kw>
<status status="FAIL" start="2025-07-01T15:10:57.761752" elapsed="28.022811">InvalidSessionIdException: Message: invalid session id: session deleted as the browser has closed the connection
from disconnected: not connected to DevTools
  (Session info: chrome=137.0.7151.120)
Stacktrace:
	GetHandleVerifier [0x0x7ff7f9f6cda5+78885]
	GetHandleVerifier [0x0x7ff7f9f6ce00+78976]
	(No symbol) [0x0x7ff7f9d29bca]
	(No symbol) [0x0x7ff7f9d159b5]
	(No symbol) [0x0x7ff7f9d3a9ca]
	(No symbol) [0x0x7ff7f9db05e5]
	(No symbol) [0x0x7ff7f9dd0b42]
	(No symbol) [0x0x7ff7f9da8963]
	(No symbol) [0x0x7ff7f9d716b1]
	(No symbol) [0x0x7ff7f9d72443]
	GetHandleVerifier [0x0x7ff7fa244eed+3061101]
	GetHandleVerifier [0x0x7ff7fa23f33d+3037629]
	GetHandleVerifier [0x0x7ff7fa25e592+3165202]
	GetHandleVerifier [0x0x7ff7f9f8730e+186766]
	GetHandleVerifier [0x0x7ff7f9f8eb3f+217535]
	GetHandleVerifier [0x0x7ff7f9f759b4+114740]
	GetHandleVerifier [0x0x7ff7f9f75b69+115177]
	GetHandleVerifier [0x0x7ff7f9f5c368+10728]
	BaseThreadInitThunk [0x0x7ffa7bf77374+20]
	RtlUserThreadStart [0x0x7ffa7c0bcc91+33]
</status>
</test>
<status status="FAIL" start="2025-07-01T15:10:57.432124" elapsed="28.359729"/>
</suite>
<status status="FAIL" start="2025-07-01T15:10:57.432124" elapsed="28.364717"/>
</suite>
<status status="FAIL" start="2025-07-01T15:10:57.395444" elapsed="28.404638"/>
</suite>
<statistics>
<total>
<stat pass="0" fail="1" skip="0">All Tests</stat>
</total>
<tag>
</tag>
<suite>
<stat pass="0" fail="1" skip="0" id="s1" name="ProjetoCollector">ProjetoCollector</stat>
<stat pass="0" fail="1" skip="0" id="s1-s1" name="Robot Populate">ProjetoCollector.Robot Populate</stat>
<stat pass="0" fail="1" skip="0" id="s1-s1-s1" name="Insert Data">ProjetoCollector.Robot Populate.Insert Data</stat>
</suite>
</statistics>
<errors>
<msg time="2025-07-01T15:11:23.597365" level="WARN">Keyword 'Capture Page Screenshot' could not be run on failure: Message: invalid session id
Stacktrace:
	GetHandleVerifier [0x0x7ff7f9f6cda5+78885]
	GetHandleVerifier [0x0x7ff7f9f6ce00+78976]
	(No symbol) [0x0x7ff7f9d299fc]
	(No symbol) [0x0x7ff7f9d707df]
	(No symbol) [0x0x7ff7f9da8a52]
	(No symbol) [0x0x7ff7f9da3413]
	(No symbol) [0x0x7ff7f9da24d9]
	(No symbol) [0x0x7ff7f9cf5d55]
	GetHandleVerifier [0x0x7ff7fa244eed+3061101]
	GetHandleVerifier [0x0x7ff7fa23f33d+3037629]
	GetHandleVerifier [0x0x7ff7fa25e592+3165202]
	GetHandleVerifier [0x0x7ff7f9f8730e+186766]
	GetHandleVerifier [0x0x7ff7f9f8eb3f+217535]
	(No symbol) [0x0x7ff7f9cf4dca]
	GetHandleVerifier [0x0x7ff7fa3645e8+4238440]
	BaseThreadInitThunk [0x0x7ffa7bf77374+20]
	RtlUserThreadStart [0x0x7ffa7c0bcc91+33]
</msg>
</errors>
</robot>
